---------------------------------------------------------------
[ 2018-01-31T14:39:54+08:00 ] 0.0.0.0 POST /admin/index/clear.html
[ info ] localhost:4259/admin/index/clear.html [运行时间：0.041847s][吞吐率：23.90req/s] [内存消耗：1,828.33kb] [文件加载：51]
[ info ] [ LANG ] D:\PHPStudy\WWW\XFPHP\thinkphp\lang\zh-cn.php
[ info ] [ ROUTE ] array (
  'type' => 'module',
  'module' => 
  array (
    0 => 'admin',
    1 => 'index',
    2 => 'clear',
  ),
)
[ info ] [ HEADER ] array (
  'host' => 'localhost:4259',
  'connection' => 'keep-alive',
  'content-length' => '0',
  'accept' => '*/*',
  'origin' => 'http://localhost:4259',
  'x-requested-with' => 'XMLHttpRequest',
  'user-agent' => 'Mozilla/5.0 (Windows NT 10.0; Win64; x64) AppleWebKit/537.36 (KHTML, like Gecko) Chrome/62.0.3202.94 Safari/537.36',
  'referer' => 'http://localhost:4259/admin/index/index.html',
  'accept-encoding' => 'gzip, deflate, br',
  'accept-language' => 'zh-CN,zh;q=0.9',
  'cookie' => 'optimizelyEndUserId=oeu1511167744197r0.22256790140374139; ECS[visit_times]=2; _ym_uid=151330519863715653; _ga=GA1.1.531640230.1511167745; Hm_lvt_d7e112eaeea65921aeaadcc0af8f2853=1513327355,1515568796; XFADMIN=l66o7ht03rdii3id1qht6gca86; pgv_pvi=7416847360; PHPSESSID=c9p82e93r8k12jcjmfrmlqeee5',
)
[ info ] [ PARAM ] array (
)
[ info ] [ LANG ] D:\PHPStudy\WWW\XFPHP/app/admin\lang\zh-cn.php
[ info ] [ SESSION ] INIT array (
  'id' => '',
  'var_session_id' => '',
  'prefix' => 'think',
  'type' => '',
  'auto_start' => true,
)
[ info ] [ RUN ] app\admin\controller\Index->clear[ D:\PHPStudy\WWW\XFPHP\app\admin\controller\Index.php ]
[ info ] [ LOG ] INIT File
---------------------------------------------------------------
[ 2018-01-31T14:39:58+08:00 ] 0.0.0.0 GET /admin/index/index.html
[ info ] localhost:4259/admin/index/index.html [运行时间：0.141773s][吞吐率：7.05req/s] [内存消耗：2,888.84kb] [文件加载：59]
[ info ] [ LANG ] D:\PHPStudy\WWW\XFPHP\thinkphp\lang\zh-cn.php
[ info ] [ ROUTE ] array (
  'type' => 'module',
  'module' => 
  array (
    0 => 'admin',
    1 => 'index',
    2 => 'index',
  ),
)
[ info ] [ HEADER ] array (
  'host' => 'localhost:4259',
  'connection' => 'keep-alive',
  'upgrade-insecure-requests' => '1',
  'user-agent' => 'Mozilla/5.0 (Windows NT 10.0; Win64; x64) AppleWebKit/537.36 (KHTML, like Gecko) Chrome/62.0.3202.94 Safari/537.36',
  'accept' => 'text/html,application/xhtml+xml,application/xml;q=0.9,image/webp,image/apng,*/*;q=0.8',
  'referer' => 'http://localhost:4259/admin/index/index.html',
  'accept-encoding' => 'gzip, deflate, br',
  'accept-language' => 'zh-CN,zh;q=0.9',
  'cookie' => 'optimizelyEndUserId=oeu1511167744197r0.22256790140374139; ECS[visit_times]=2; _ym_uid=151330519863715653; _ga=GA1.1.531640230.1511167745; Hm_lvt_d7e112eaeea65921aeaadcc0af8f2853=1513327355,1515568796; XFADMIN=l66o7ht03rdii3id1qht6gca86; pgv_pvi=7416847360; PHPSESSID=c9p82e93r8k12jcjmfrmlqeee5',
)
[ info ] [ PARAM ] array (
)
[ info ] [ LANG ] D:\PHPStudy\WWW\XFPHP/app/admin\lang\zh-cn.php
[ info ] [ SESSION ] INIT array (
  'id' => '',
  'var_session_id' => '',
  'prefix' => 'think',
  'type' => '',
  'auto_start' => true,
)
[ info ] [ DB ] INIT mysql
[ info ] [ RUN ] app\admin\controller\Index->index[ D:\PHPStudy\WWW\XFPHP\app\admin\controller\Index.php ]
[ info ] [ CACHE ] INIT File
[ info ] [ VIEW ] D:\PHPStudy\WWW\XFPHP/app/admin\view\index\index.html [ array (
  0 => 'menus',
) ]
[ info ] [ LOG ] INIT File
[ sql ] [ DB ] CONNECT:[ UseTime:0.000965s ] mysql:host=127.0.0.1;dbname=xfphp_db;charset=utf8
[ sql ] [ SQL ] SHOW COLUMNS FROM `xf_module` [ RunTime:0.008447s ]
[ sql ] [ SQL ] SELECT * FROM `xf_module` ORDER BY `listorder` [ RunTime:0.000659s ]
[ sql ] [ SQL ] SHOW COLUMNS FROM `xf_role` [ RunTime:0.007403s ]
[ sql ] [ SQL ] SELECT * FROM `xf_role` ORDER BY `listorder` [ RunTime:0.000444s ]
[ sql ] [ SQL ] SHOW COLUMNS FROM `xf_category` [ RunTime:0.006491s ]
[ sql ] [ SQL ] SELECT * FROM `xf_category` ORDER BY `listorder` [ RunTime:0.000738s ]
[ sql ] [ SQL ] SHOW COLUMNS FROM `xf_posid` [ RunTime:0.007941s ]
[ sql ] [ SQL ] SELECT * FROM `xf_posid` ORDER BY `listorder` [ RunTime:0.000363s ]
[ sql ] [ SQL ] SHOW COLUMNS FROM `xf_field` [ RunTime:0.006092s ]
[ sql ] [ SQL ] SELECT * FROM `xf_field` WHERE  (  moduleid=1 ) ORDER BY `listorder` [ RunTime:0.000734s ]
[ sql ] [ SQL ] SELECT * FROM `xf_field` WHERE  (  moduleid=2 ) ORDER BY `listorder` [ RunTime:0.000777s ]
[ sql ] [ SQL ] SELECT * FROM `xf_field` WHERE  (  moduleid=3 ) ORDER BY `listorder` [ RunTime:0.000751s ]
[ sql ] [ SQL ] SELECT * FROM `xf_field` WHERE  (  moduleid=4 ) ORDER BY `listorder` [ RunTime:0.000743s ]
[ sql ] [ SQL ] SELECT * FROM `xf_field` WHERE  (  moduleid=5 ) ORDER BY `listorder` [ RunTime:0.000732s ]
[ sql ] [ SQL ] SELECT * FROM `xf_field` WHERE  (  moduleid=6 ) ORDER BY `listorder` [ RunTime:0.000796s ]
[ sql ] [ SQL ] SHOW COLUMNS FROM `xf_system` [ RunTime:0.010121s ]
[ sql ] [ SQL ] SELECT * FROM `xf_system` WHERE  `id` = 1 LIMIT 1 [ RunTime:0.000576s ]
[ sql ] [ SQL ] SHOW COLUMNS FROM `xf_auth_rule` [ RunTime:0.007369s ]
[ sql ] [ SQL ] SELECT * FROM `xf_auth_rule` WHERE  (  menustatus=1 ) ORDER BY `sort` [ RunTime:0.000568s ]
---------------------------------------------------------------
[ 2018-01-31T14:39:58+08:00 ] 0.0.0.0 GET /admin/index/main.html
[ info ] localhost:4259/admin/index/main.html [运行时间：0.057326s][吞吐率：17.44req/s] [内存消耗：2,118.92kb] [文件加载：56]
[ info ] [ LANG ] D:\PHPStudy\WWW\XFPHP\thinkphp\lang\zh-cn.php
[ info ] [ ROUTE ] array (
  'type' => 'module',
  'module' => 
  array (
    0 => 'admin',
    1 => 'index',
    2 => 'main',
  ),
)
[ info ] [ HEADER ] array (
  'host' => 'localhost:4259',
  'connection' => 'keep-alive',
  'upgrade-insecure-requests' => '1',
  'user-agent' => 'Mozilla/5.0 (Windows NT 10.0; Win64; x64) AppleWebKit/537.36 (KHTML, like Gecko) Chrome/62.0.3202.94 Safari/537.36',
  'accept' => 'text/html,application/xhtml+xml,application/xml;q=0.9,image/webp,image/apng,*/*;q=0.8',
  'referer' => 'http://localhost:4259/admin/index/index.html',
  'accept-encoding' => 'gzip, deflate, br',
  'accept-language' => 'zh-CN,zh;q=0.9',
  'cookie' => 'optimizelyEndUserId=oeu1511167744197r0.22256790140374139; ECS[visit_times]=2; _ym_uid=151330519863715653; _ga=GA1.1.531640230.1511167745; Hm_lvt_d7e112eaeea65921aeaadcc0af8f2853=1513327355,1515568796; XFADMIN=l66o7ht03rdii3id1qht6gca86; pgv_pvi=7416847360; PHPSESSID=c9p82e93r8k12jcjmfrmlqeee5',
)
[ info ] [ PARAM ] array (
)
[ info ] [ LANG ] D:\PHPStudy\WWW\XFPHP/app/admin\lang\zh-cn.php
[ info ] [ SESSION ] INIT array (
  'id' => '',
  'var_session_id' => '',
  'prefix' => 'think',
  'type' => '',
  'auto_start' => true,
)
[ info ] [ RUN ] app\admin\controller\Index->main[ D:\PHPStudy\WWW\XFPHP\app\admin\controller\Index.php ]
[ info ] [ DB ] INIT mysql
[ info ] [ VIEW ] D:\PHPStudy\WWW\XFPHP/app/admin\view\index\main.html [ array (
  0 => 'config',
) ]
[ info ] [ LOG ] INIT File
[ sql ] [ DB ] CONNECT:[ UseTime:0.001259s ] mysql:host=127.0.0.1;dbname=xfphp_db;charset=utf8
[ sql ] [ SQL ] SELECT VERSION() AS ver [ RunTime:0.000347s ]
