---------------------------------------------------------------
[ 2018-02-02T10:20:04+08:00 ] 0.0.0.0 GET /admin
[ info ] localhost:4259/admin [运行时间：0.091665s][吞吐率：10.91req/s] [内存消耗：1,799.07kb] [文件加载：47]
[ info ] [ LANG ] D:\PHPStudy\WWW\XFPHP\thinkphp\lang\zh-cn.php
[ info ] [ ROUTE ] array (
  'type' => 'module',
  'module' => 
  array (
    0 => 'admin',
    1 => NULL,
    2 => NULL,
  ),
)
[ info ] [ HEADER ] array (
  'host' => 'localhost:4259',
  'connection' => 'keep-alive',
  'upgrade-insecure-requests' => '1',
  'user-agent' => 'Mozilla/5.0 (Windows NT 10.0; Win64; x64) AppleWebKit/537.36 (KHTML, like Gecko) Chrome/62.0.3202.94 Safari/537.36',
  'accept' => 'text/html,application/xhtml+xml,application/xml;q=0.9,image/webp,image/apng,*/*;q=0.8',
  'accept-encoding' => 'gzip, deflate, br',
  'accept-language' => 'zh-CN,zh;q=0.9',
  'cookie' => 'optimizelyEndUserId=oeu1511167744197r0.22256790140374139; ECS[visit_times]=2; _ym_uid=151330519863715653; _ga=GA1.1.531640230.1511167745; Hm_lvt_d7e112eaeea65921aeaadcc0af8f2853=1513327355,1515568796; pgv_pvi=7416847360',
)
[ info ] [ PARAM ] array (
)
[ info ] [ LANG ] D:\PHPStudy\WWW\XFPHP/app/admin\lang\zh-cn.php
[ info ] [ SESSION ] INIT array (
  'id' => '',
  'var_session_id' => '',
  'prefix' => 'think',
  'type' => '',
  'auto_start' => true,
)
[ info ] [ LOG ] INIT File
---------------------------------------------------------------
[ 2018-02-02T10:20:04+08:00 ] 0.0.0.0 GET /admin/login/index.html
[ info ] localhost:4259/admin/login/index.html [运行时间：0.046344s][吞吐率：21.58req/s] [内存消耗：1,894.98kb] [文件加载：48]
[ info ] [ LANG ] D:\PHPStudy\WWW\XFPHP\thinkphp\lang\zh-cn.php
[ info ] [ ROUTE ] array (
  'type' => 'module',
  'module' => 
  array (
    0 => 'admin',
    1 => 'login',
    2 => 'index',
  ),
)
[ info ] [ HEADER ] array (
  'host' => 'localhost:4259',
  'connection' => 'keep-alive',
  'upgrade-insecure-requests' => '1',
  'user-agent' => 'Mozilla/5.0 (Windows NT 10.0; Win64; x64) AppleWebKit/537.36 (KHTML, like Gecko) Chrome/62.0.3202.94 Safari/537.36',
  'accept' => 'text/html,application/xhtml+xml,application/xml;q=0.9,image/webp,image/apng,*/*;q=0.8',
  'accept-encoding' => 'gzip, deflate, br',
  'accept-language' => 'zh-CN,zh;q=0.9',
  'cookie' => 'optimizelyEndUserId=oeu1511167744197r0.22256790140374139; ECS[visit_times]=2; _ym_uid=151330519863715653; _ga=GA1.1.531640230.1511167745; Hm_lvt_d7e112eaeea65921aeaadcc0af8f2853=1513327355,1515568796; pgv_pvi=7416847360; PHPSESSID=ifvqhkfbpgmkubaff3pnbra4p1',
)
[ info ] [ PARAM ] array (
)
[ info ] [ LANG ] D:\PHPStudy\WWW\XFPHP/app/admin\lang\zh-cn.php
[ info ] [ RUN ] app\admin\controller\Login->index[ D:\PHPStudy\WWW\XFPHP\app\admin\controller\Login.php ]
[ info ] [ VIEW ] D:\PHPStudy\WWW\XFPHP/app/admin\view\login\login.html [ array (
) ]
[ info ] [ LOG ] INIT File
---------------------------------------------------------------
[ 2018-02-02T10:20:05+08:00 ] 0.0.0.0 GET /favicon.ico
[ info ] localhost:4259/favicon.ico [运行时间：0.034456s][吞吐率：29.02req/s] [内存消耗：1,427.41kb] [文件加载：38]
[ info ] [ LANG ] D:\PHPStudy\WWW\XFPHP\thinkphp\lang\zh-cn.php
[ info ] [ ROUTE ] array (
  'type' => 'module',
  'module' => 
  array (
    0 => 'favicon.ico',
    1 => NULL,
    2 => NULL,
  ),
)
[ info ] [ HEADER ] array (
  'host' => 'localhost:4259',
  'connection' => 'keep-alive',
  'user-agent' => 'Mozilla/5.0 (Windows NT 10.0; Win64; x64) AppleWebKit/537.36 (KHTML, like Gecko) Chrome/62.0.3202.94 Safari/537.36',
  'accept' => 'image/webp,image/apng,image/*,*/*;q=0.8',
  'referer' => 'http://localhost:4259/admin/login/index.html',
  'accept-encoding' => 'gzip, deflate, br',
  'accept-language' => 'zh-CN,zh;q=0.9',
  'cookie' => 'optimizelyEndUserId=oeu1511167744197r0.22256790140374139; ECS[visit_times]=2; _ym_uid=151330519863715653; _ga=GA1.1.531640230.1511167745; Hm_lvt_d7e112eaeea65921aeaadcc0af8f2853=1513327355,1515568796; pgv_pvi=7416847360; PHPSESSID=ifvqhkfbpgmkubaff3pnbra4p1',
)
[ info ] [ PARAM ] array (
)
[ info ] [ LOG ] INIT File
---------------------------------------------------------------
[ 2018-02-02T10:20:11+08:00 ] 0.0.0.0 POST /admin/login/index.html
[ info ] localhost:4259/admin/login/index.html [运行时间：0.079641s][吞吐率：12.56req/s] [内存消耗：2,845.31kb] [文件加载：54]
[ info ] [ LANG ] D:\PHPStudy\WWW\XFPHP\thinkphp\lang\zh-cn.php
[ info ] [ ROUTE ] array (
  'type' => 'module',
  'module' => 
  array (
    0 => 'admin',
    1 => 'login',
    2 => 'index',
  ),
)
[ info ] [ HEADER ] array (
  'host' => 'localhost:4259',
  'connection' => 'keep-alive',
  'content-length' => '32',
  'accept' => '*/*',
  'origin' => 'http://localhost:4259',
  'x-requested-with' => 'XMLHttpRequest',
  'user-agent' => 'Mozilla/5.0 (Windows NT 10.0; Win64; x64) AppleWebKit/537.36 (KHTML, like Gecko) Chrome/62.0.3202.94 Safari/537.36',
  'content-type' => 'application/x-www-form-urlencoded; charset=UTF-8',
  'referer' => 'http://localhost:4259/admin/login/index.html',
  'accept-encoding' => 'gzip, deflate, br',
  'accept-language' => 'zh-CN,zh;q=0.9',
  'cookie' => 'optimizelyEndUserId=oeu1511167744197r0.22256790140374139; ECS[visit_times]=2; _ym_uid=151330519863715653; _ga=GA1.1.531640230.1511167745; Hm_lvt_d7e112eaeea65921aeaadcc0af8f2853=1513327355,1515568796; pgv_pvi=7416847360; PHPSESSID=ifvqhkfbpgmkubaff3pnbra4p1',
)
[ info ] [ PARAM ] array (
  'username' => 'admin',
  'password' => 'admin123',
)
[ info ] [ LANG ] D:\PHPStudy\WWW\XFPHP/app/admin\lang\zh-cn.php
[ info ] [ RUN ] app\admin\controller\Login->index[ D:\PHPStudy\WWW\XFPHP\app\admin\controller\Login.php ]
[ info ] [ DB ] INIT mysql
[ info ] [ SESSION ] INIT array (
  'id' => '',
  'var_session_id' => '',
  'prefix' => 'think',
  'type' => '',
  'auto_start' => true,
)
[ info ] [ LOG ] INIT File
[ sql ] [ DB ] CONNECT:[ UseTime:0.003113s ] mysql:host=127.0.0.1;dbname=xfphp_db;charset=utf8
[ sql ] [ SQL ] SHOW COLUMNS FROM `xf_admin` [ RunTime:0.016476s ]
[ sql ] [ SQL ] SELECT * FROM `xf_admin` WHERE  `username` = 'admin' LIMIT 1 [ RunTime:0.002447s ]
---------------------------------------------------------------
[ 2018-02-02T10:20:13+08:00 ] 0.0.0.0 GET /admin/index/index.html
[ info ] localhost:4259/admin/index/index.html [运行时间：0.066926s][吞吐率：14.94req/s] [内存消耗：2,701.57kb] [文件加载：61]
[ info ] [ LANG ] D:\PHPStudy\WWW\XFPHP\thinkphp\lang\zh-cn.php
[ info ] [ ROUTE ] array (
  'type' => 'module',
  'module' => 
  array (
    0 => 'admin',
    1 => 'index',
    2 => 'index',
  ),
)
[ info ] [ HEADER ] array (
  'host' => 'localhost:4259',
  'connection' => 'keep-alive',
  'upgrade-insecure-requests' => '1',
  'user-agent' => 'Mozilla/5.0 (Windows NT 10.0; Win64; x64) AppleWebKit/537.36 (KHTML, like Gecko) Chrome/62.0.3202.94 Safari/537.36',
  'accept' => 'text/html,application/xhtml+xml,application/xml;q=0.9,image/webp,image/apng,*/*;q=0.8',
  'referer' => 'http://localhost:4259/admin/login/index.html',
  'accept-encoding' => 'gzip, deflate, br',
  'accept-language' => 'zh-CN,zh;q=0.9',
  'cookie' => 'optimizelyEndUserId=oeu1511167744197r0.22256790140374139; ECS[visit_times]=2; _ym_uid=151330519863715653; _ga=GA1.1.531640230.1511167745; Hm_lvt_d7e112eaeea65921aeaadcc0af8f2853=1513327355,1515568796; pgv_pvi=7416847360; PHPSESSID=ifvqhkfbpgmkubaff3pnbra4p1',
)
[ info ] [ PARAM ] array (
)
[ info ] [ LANG ] D:\PHPStudy\WWW\XFPHP/app/admin\lang\zh-cn.php
[ info ] [ SESSION ] INIT array (
  'id' => '',
  'var_session_id' => '',
  'prefix' => 'think',
  'type' => '',
  'auto_start' => true,
)
[ info ] [ RUN ] app\admin\controller\Index->index[ D:\PHPStudy\WWW\XFPHP\app\admin\controller\Index.php ]
[ info ] [ CACHE ] INIT File
[ info ] [ DB ] INIT mysql
[ info ] [ VIEW ] D:\PHPStudy\WWW\XFPHP/app/admin\view\index\index.html [ array (
  0 => 'menus',
) ]
[ info ] [ LOG ] INIT File
[ sql ] [ DB ] CONNECT:[ UseTime:0.001400s ] mysql:host=127.0.0.1;dbname=xfphp_db;charset=utf8
[ sql ] [ SQL ] SHOW COLUMNS FROM `xf_auth_rule` [ RunTime:0.010139s ]
[ sql ] [ SQL ] SELECT * FROM `xf_auth_rule` WHERE  (  menustatus=1 ) ORDER BY `sort` [ RunTime:0.001430s ]
---------------------------------------------------------------
[ 2018-02-02T10:20:13+08:00 ] 0.0.0.0 GET /admin/index/main.html
[ info ] localhost:4259/admin/index/main.html [运行时间：0.060303s][吞吐率：16.58req/s] [内存消耗：1,975.75kb] [文件加载：54]
[ info ] [ LANG ] D:\PHPStudy\WWW\XFPHP\thinkphp\lang\zh-cn.php
[ info ] [ ROUTE ] array (
  'type' => 'module',
  'module' => 
  array (
    0 => 'admin',
    1 => 'index',
    2 => 'main',
  ),
)
[ info ] [ HEADER ] array (
  'host' => 'localhost:4259',
  'connection' => 'keep-alive',
  'upgrade-insecure-requests' => '1',
  'user-agent' => 'Mozilla/5.0 (Windows NT 10.0; Win64; x64) AppleWebKit/537.36 (KHTML, like Gecko) Chrome/62.0.3202.94 Safari/537.36',
  'accept' => 'text/html,application/xhtml+xml,application/xml;q=0.9,image/webp,image/apng,*/*;q=0.8',
  'referer' => 'http://localhost:4259/admin/index/index.html',
  'accept-encoding' => 'gzip, deflate, br',
  'accept-language' => 'zh-CN,zh;q=0.9',
  'cookie' => 'optimizelyEndUserId=oeu1511167744197r0.22256790140374139; ECS[visit_times]=2; _ym_uid=151330519863715653; _ga=GA1.1.531640230.1511167745; Hm_lvt_d7e112eaeea65921aeaadcc0af8f2853=1513327355,1515568796; pgv_pvi=7416847360; PHPSESSID=ifvqhkfbpgmkubaff3pnbra4p1',
)
[ info ] [ PARAM ] array (
)
[ info ] [ LANG ] D:\PHPStudy\WWW\XFPHP/app/admin\lang\zh-cn.php
[ info ] [ SESSION ] INIT array (
  'id' => '',
  'var_session_id' => '',
  'prefix' => 'think',
  'type' => '',
  'auto_start' => true,
)
[ info ] [ RUN ] app\admin\controller\Index->main[ D:\PHPStudy\WWW\XFPHP\app\admin\controller\Index.php ]
[ info ] [ DB ] INIT mysql
[ info ] [ VIEW ] D:\PHPStudy\WWW\XFPHP/app/admin\view\index\main.html [ array (
  0 => 'config',
) ]
[ info ] [ LOG ] INIT File
[ sql ] [ DB ] CONNECT:[ UseTime:0.001341s ] mysql:host=127.0.0.1;dbname=xfphp_db;charset=utf8
[ sql ] [ SQL ] SELECT VERSION() AS ver [ RunTime:0.001146s ]
---------------------------------------------------------------
[ 2018-02-02T10:20:19+08:00 ] 0.0.0.0 GET /admin/Auth/adminList.html
[ info ] localhost:4259/admin/Auth/adminList.html [运行时间：0.050731s][吞吐率：19.71req/s] [内存消耗：1,825.96kb] [文件加载：52]
[ info ] [ LANG ] D:\PHPStudy\WWW\XFPHP\thinkphp\lang\zh-cn.php
[ info ] [ ROUTE ] array (
  'type' => 'module',
  'module' => 
  array (
    0 => 'admin',
    1 => 'Auth',
    2 => 'adminList',
  ),
)
[ info ] [ HEADER ] array (
  'host' => 'localhost:4259',
  'connection' => 'keep-alive',
  'upgrade-insecure-requests' => '1',
  'user-agent' => 'Mozilla/5.0 (Windows NT 10.0; Win64; x64) AppleWebKit/537.36 (KHTML, like Gecko) Chrome/62.0.3202.94 Safari/537.36',
  'accept' => 'text/html,application/xhtml+xml,application/xml;q=0.9,image/webp,image/apng,*/*;q=0.8',
  'referer' => 'http://localhost:4259/admin/index/index.html',
  'accept-encoding' => 'gzip, deflate, br',
  'accept-language' => 'zh-CN,zh;q=0.9',
  'cookie' => 'optimizelyEndUserId=oeu1511167744197r0.22256790140374139; ECS[visit_times]=2; _ym_uid=151330519863715653; _ga=GA1.1.531640230.1511167745; Hm_lvt_d7e112eaeea65921aeaadcc0af8f2853=1513327355,1515568796; pgv_pvi=7416847360; PHPSESSID=ifvqhkfbpgmkubaff3pnbra4p1',
)
[ info ] [ PARAM ] array (
)
[ info ] [ LANG ] D:\PHPStudy\WWW\XFPHP/app/admin\lang\zh-cn.php
[ info ] [ SESSION ] INIT array (
  'id' => '',
  'var_session_id' => '',
  'prefix' => 'think',
  'type' => '',
  'auto_start' => true,
)
[ info ] [ RUN ] app\admin\controller\Auth->adminList[ D:\PHPStudy\WWW\XFPHP\app\admin\controller\Auth.php ]
[ info ] [ VIEW ] D:\PHPStudy\WWW\XFPHP/app/admin\view\auth\adminList.html [ array (
) ]
[ info ] [ LOG ] INIT File
---------------------------------------------------------------
[ 2018-02-02T10:20:19+08:00 ] 0.0.0.0 POST /admin/auth/adminList.html
[ info ] localhost:4259/admin/auth/adminList.html [运行时间：0.063789s][吞吐率：15.68req/s] [内存消耗：2,637.16kb] [文件加载：60]
[ info ] [ LANG ] D:\PHPStudy\WWW\XFPHP\thinkphp\lang\zh-cn.php
[ info ] [ ROUTE ] array (
  'type' => 'module',
  'module' => 
  array (
    0 => 'admin',
    1 => 'auth',
    2 => 'adminList',
  ),
)
[ info ] [ HEADER ] array (
  'host' => 'localhost:4259',
  'connection' => 'keep-alive',
  'content-length' => '23',
  'accept' => 'application/json, text/javascript, */*; q=0.01',
  'origin' => 'http://localhost:4259',
  'x-requested-with' => 'XMLHttpRequest',
  'user-agent' => 'Mozilla/5.0 (Windows NT 10.0; Win64; x64) AppleWebKit/537.36 (KHTML, like Gecko) Chrome/62.0.3202.94 Safari/537.36',
  'content-type' => 'application/x-www-form-urlencoded; charset=UTF-8',
  'referer' => 'http://localhost:4259/admin/Auth/adminList.html',
  'accept-encoding' => 'gzip, deflate, br',
  'accept-language' => 'zh-CN,zh;q=0.9',
  'cookie' => 'optimizelyEndUserId=oeu1511167744197r0.22256790140374139; ECS[visit_times]=2; _ym_uid=151330519863715653; _ga=GA1.1.531640230.1511167745; Hm_lvt_d7e112eaeea65921aeaadcc0af8f2853=1513327355,1515568796; pgv_pvi=7416847360; PHPSESSID=ifvqhkfbpgmkubaff3pnbra4p1',
)
[ info ] [ PARAM ] array (
  'pageIndex' => '1',
  'pageSize' => '15',
)
[ info ] [ LANG ] D:\PHPStudy\WWW\XFPHP/app/admin\lang\zh-cn.php
[ info ] [ SESSION ] INIT array (
  'id' => '',
  'var_session_id' => '',
  'prefix' => 'think',
  'type' => '',
  'auto_start' => true,
)
[ info ] [ RUN ] app\admin\controller\Auth->adminList[ D:\PHPStudy\WWW\XFPHP\app\admin\controller\Auth.php ]
[ info ] [ DB ] INIT mysql
[ info ] [ LOG ] INIT File
[ sql ] [ DB ] CONNECT:[ UseTime:0.000744s ] mysql:host=127.0.0.1;dbname=xfphp_db;charset=utf8
[ sql ] [ SQL ] SHOW COLUMNS FROM `xf_admin` [ RunTime:0.010547s ]
[ sql ] [ SQL ] SELECT COUNT(*) AS tp_count FROM `xf_admin` `a` LEFT JOIN `xf_auth_group` `ag` ON `a`.`group_id`=`ag`.`group_id` LIMIT 1 [ RunTime:0.002680s ]
[ sql ] [ SQL ] SELECT `a`.*,`ag`.`title` FROM `xf_admin` `a` LEFT JOIN `xf_auth_group` `ag` ON `a`.`group_id`=`ag`.`group_id` LIMIT 0,15 [ RunTime:0.000403s ]
---------------------------------------------------------------
[ 2018-02-02T10:20:20+08:00 ] 0.0.0.0 GET /admin/auth/adminAdd.html
[ info ] localhost:4259/admin/auth/adminAdd.html [运行时间：0.032636s][吞吐率：30.64req/s] [内存消耗：1,898.49kb] [文件加载：53]
[ info ] [ LANG ] D:\PHPStudy\WWW\XFPHP\thinkphp\lang\zh-cn.php
[ info ] [ ROUTE ] array (
  'type' => 'module',
  'module' => 
  array (
    0 => 'admin',
    1 => 'auth',
    2 => 'adminAdd',
  ),
)
[ info ] [ HEADER ] array (
  'host' => 'localhost:4259',
  'connection' => 'keep-alive',
  'upgrade-insecure-requests' => '1',
  'user-agent' => 'Mozilla/5.0 (Windows NT 10.0; Win64; x64) AppleWebKit/537.36 (KHTML, like Gecko) Chrome/62.0.3202.94 Safari/537.36',
  'accept' => 'text/html,application/xhtml+xml,application/xml;q=0.9,image/webp,image/apng,*/*;q=0.8',
  'referer' => 'http://localhost:4259/admin/Auth/adminList.html',
  'accept-encoding' => 'gzip, deflate, br',
  'accept-language' => 'zh-CN,zh;q=0.9',
  'cookie' => 'optimizelyEndUserId=oeu1511167744197r0.22256790140374139; ECS[visit_times]=2; _ym_uid=151330519863715653; _ga=GA1.1.531640230.1511167745; Hm_lvt_d7e112eaeea65921aeaadcc0af8f2853=1513327355,1515568796; pgv_pvi=7416847360; PHPSESSID=ifvqhkfbpgmkubaff3pnbra4p1',
)
[ info ] [ PARAM ] array (
)
[ info ] [ LANG ] D:\PHPStudy\WWW\XFPHP/app/admin\lang\zh-cn.php
[ info ] [ SESSION ] INIT array (
  'id' => '',
  'var_session_id' => '',
  'prefix' => 'think',
  'type' => '',
  'auto_start' => true,
)
[ info ] [ RUN ] app\admin\controller\Common->_empty[ D:\PHPStudy\WWW\XFPHP\app\admin\controller\Common.php ]
[ info ] [ VIEW ] D:\PHPStudy\WWW\XFPHP\thinkphp\tpl\dispatch_jump.tpl [ array (
  0 => 'code',
  1 => 'msg',
  2 => 'data',
  3 => 'url',
  4 => 'wait',
) ]
[ info ] [ LOG ] INIT File
---------------------------------------------------------------
[ 2018-02-02T10:20:23+08:00 ] 0.0.0.0 GET /admin/Auth/adminList.html
[ info ] localhost:4259/admin/Auth/adminList.html [运行时间：0.030133s][吞吐率：33.19req/s] [内存消耗：1,825.92kb] [文件加载：52]
[ info ] [ LANG ] D:\PHPStudy\WWW\XFPHP\thinkphp\lang\zh-cn.php
[ info ] [ ROUTE ] array (
  'type' => 'module',
  'module' => 
  array (
    0 => 'admin',
    1 => 'Auth',
    2 => 'adminList',
  ),
)
[ info ] [ HEADER ] array (
  'host' => 'localhost:4259',
  'connection' => 'keep-alive',
  'user-agent' => 'Mozilla/5.0 (Windows NT 10.0; Win64; x64) AppleWebKit/537.36 (KHTML, like Gecko) Chrome/62.0.3202.94 Safari/537.36',
  'upgrade-insecure-requests' => '1',
  'accept' => 'text/html,application/xhtml+xml,application/xml;q=0.9,image/webp,image/apng,*/*;q=0.8',
  'referer' => 'http://localhost:4259/admin/index/index.html',
  'accept-encoding' => 'gzip, deflate, br',
  'accept-language' => 'zh-CN,zh;q=0.9',
  'cookie' => 'optimizelyEndUserId=oeu1511167744197r0.22256790140374139; ECS[visit_times]=2; _ym_uid=151330519863715653; _ga=GA1.1.531640230.1511167745; Hm_lvt_d7e112eaeea65921aeaadcc0af8f2853=1513327355,1515568796; pgv_pvi=7416847360; PHPSESSID=ifvqhkfbpgmkubaff3pnbra4p1',
)
[ info ] [ PARAM ] array (
)
[ info ] [ LANG ] D:\PHPStudy\WWW\XFPHP/app/admin\lang\zh-cn.php
[ info ] [ SESSION ] INIT array (
  'id' => '',
  'var_session_id' => '',
  'prefix' => 'think',
  'type' => '',
  'auto_start' => true,
)
[ info ] [ RUN ] app\admin\controller\Auth->adminList[ D:\PHPStudy\WWW\XFPHP\app\admin\controller\Auth.php ]
[ info ] [ VIEW ] D:\PHPStudy\WWW\XFPHP/app/admin\view\auth\adminList.html [ array (
) ]
[ info ] [ LOG ] INIT File
---------------------------------------------------------------
[ 2018-02-02T10:20:23+08:00 ] 0.0.0.0 POST /admin/auth/adminList.html
[ info ] localhost:4259/admin/auth/adminList.html [运行时间：0.050363s][吞吐率：19.86req/s] [内存消耗：2,637.18kb] [文件加载：60]
[ info ] [ LANG ] D:\PHPStudy\WWW\XFPHP\thinkphp\lang\zh-cn.php
[ info ] [ ROUTE ] array (
  'type' => 'module',
  'module' => 
  array (
    0 => 'admin',
    1 => 'auth',
    2 => 'adminList',
  ),
)
[ info ] [ HEADER ] array (
  'host' => 'localhost:4259',
  'connection' => 'keep-alive',
  'content-length' => '23',
  'accept' => 'application/json, text/javascript, */*; q=0.01',
  'origin' => 'http://localhost:4259',
  'x-requested-with' => 'XMLHttpRequest',
  'user-agent' => 'Mozilla/5.0 (Windows NT 10.0; Win64; x64) AppleWebKit/537.36 (KHTML, like Gecko) Chrome/62.0.3202.94 Safari/537.36',
  'content-type' => 'application/x-www-form-urlencoded; charset=UTF-8',
  'referer' => 'http://localhost:4259/admin/Auth/adminList.html',
  'accept-encoding' => 'gzip, deflate, br',
  'accept-language' => 'zh-CN,zh;q=0.9',
  'cookie' => 'optimizelyEndUserId=oeu1511167744197r0.22256790140374139; ECS[visit_times]=2; _ym_uid=151330519863715653; _ga=GA1.1.531640230.1511167745; Hm_lvt_d7e112eaeea65921aeaadcc0af8f2853=1513327355,1515568796; pgv_pvi=7416847360; PHPSESSID=ifvqhkfbpgmkubaff3pnbra4p1',
)
[ info ] [ PARAM ] array (
  'pageIndex' => '1',
  'pageSize' => '15',
)
[ info ] [ LANG ] D:\PHPStudy\WWW\XFPHP/app/admin\lang\zh-cn.php
[ info ] [ SESSION ] INIT array (
  'id' => '',
  'var_session_id' => '',
  'prefix' => 'think',
  'type' => '',
  'auto_start' => true,
)
[ info ] [ RUN ] app\admin\controller\Auth->adminList[ D:\PHPStudy\WWW\XFPHP\app\admin\controller\Auth.php ]
[ info ] [ DB ] INIT mysql
[ info ] [ LOG ] INIT File
[ sql ] [ DB ] CONNECT:[ UseTime:0.000933s ] mysql:host=127.0.0.1;dbname=xfphp_db;charset=utf8
[ sql ] [ SQL ] SHOW COLUMNS FROM `xf_admin` [ RunTime:0.009074s ]
[ sql ] [ SQL ] SELECT COUNT(*) AS tp_count FROM `xf_admin` `a` LEFT JOIN `xf_auth_group` `ag` ON `a`.`group_id`=`ag`.`group_id` LIMIT 1 [ RunTime:0.000460s ]
[ sql ] [ SQL ] SELECT `a`.*,`ag`.`title` FROM `xf_admin` `a` LEFT JOIN `xf_auth_group` `ag` ON `a`.`group_id`=`ag`.`group_id` LIMIT 0,15 [ RunTime:0.000549s ]
---------------------------------------------------------------
[ 2018-02-02T10:20:51+08:00 ] 0.0.0.0 GET /admin/index/index.html
[ info ] localhost:4259/admin/index/index.html [运行时间：0.054237s][吞吐率：18.44req/s] [内存消耗：1,916.51kb] [文件加载：54]
[ info ] [ LANG ] D:\PHPStudy\WWW\XFPHP\thinkphp\lang\zh-cn.php
[ info ] [ ROUTE ] array (
  'type' => 'module',
  'module' => 
  array (
    0 => 'admin',
    1 => 'index',
    2 => 'index',
  ),
)
[ info ] [ HEADER ] array (
  'host' => 'localhost:4259',
  'connection' => 'keep-alive',
  'cache-control' => 'max-age=0',
  'user-agent' => 'Mozilla/5.0 (Windows NT 10.0; Win64; x64) AppleWebKit/537.36 (KHTML, like Gecko) Chrome/62.0.3202.94 Safari/537.36',
  'upgrade-insecure-requests' => '1',
  'accept' => 'text/html,application/xhtml+xml,application/xml;q=0.9,image/webp,image/apng,*/*;q=0.8',
  'referer' => 'http://localhost:4259/admin/login/index.html',
  'accept-encoding' => 'gzip, deflate, br',
  'accept-language' => 'zh-CN,zh;q=0.9',
  'cookie' => 'optimizelyEndUserId=oeu1511167744197r0.22256790140374139; ECS[visit_times]=2; _ym_uid=151330519863715653; _ga=GA1.1.531640230.1511167745; Hm_lvt_d7e112eaeea65921aeaadcc0af8f2853=1513327355,1515568796; pgv_pvi=7416847360; PHPSESSID=ifvqhkfbpgmkubaff3pnbra4p1',
)
[ info ] [ PARAM ] array (
)
[ info ] [ LANG ] D:\PHPStudy\WWW\XFPHP/app/admin\lang\zh-cn.php
[ info ] [ SESSION ] INIT array (
  'id' => '',
  'var_session_id' => '',
  'prefix' => 'think',
  'type' => '',
  'auto_start' => true,
)
[ info ] [ RUN ] app\admin\controller\Index->index[ D:\PHPStudy\WWW\XFPHP\app\admin\controller\Index.php ]
[ info ] [ CACHE ] INIT File
[ info ] [ VIEW ] D:\PHPStudy\WWW\XFPHP/app/admin\view\index\index.html [ array (
  0 => 'menus',
) ]
[ info ] [ LOG ] INIT File
---------------------------------------------------------------
[ 2018-02-02T10:20:51+08:00 ] 0.0.0.0 GET /admin/index/main.html
[ info ] localhost:4259/admin/index/main.html [运行时间：0.104232s][吞吐率：9.59req/s] [内存消耗：1,975.75kb] [文件加载：54]
[ info ] [ LANG ] D:\PHPStudy\WWW\XFPHP\thinkphp\lang\zh-cn.php
[ info ] [ ROUTE ] array (
  'type' => 'module',
  'module' => 
  array (
    0 => 'admin',
    1 => 'index',
    2 => 'main',
  ),
)
[ info ] [ HEADER ] array (
  'host' => 'localhost:4259',
  'connection' => 'keep-alive',
  'upgrade-insecure-requests' => '1',
  'user-agent' => 'Mozilla/5.0 (Windows NT 10.0; Win64; x64) AppleWebKit/537.36 (KHTML, like Gecko) Chrome/62.0.3202.94 Safari/537.36',
  'accept' => 'text/html,application/xhtml+xml,application/xml;q=0.9,image/webp,image/apng,*/*;q=0.8',
  'referer' => 'http://localhost:4259/admin/index/index.html',
  'accept-encoding' => 'gzip, deflate, br',
  'accept-language' => 'zh-CN,zh;q=0.9',
  'cookie' => 'optimizelyEndUserId=oeu1511167744197r0.22256790140374139; ECS[visit_times]=2; _ym_uid=151330519863715653; _ga=GA1.1.531640230.1511167745; Hm_lvt_d7e112eaeea65921aeaadcc0af8f2853=1513327355,1515568796; pgv_pvi=7416847360; PHPSESSID=ifvqhkfbpgmkubaff3pnbra4p1',
)
[ info ] [ PARAM ] array (
)
[ info ] [ LANG ] D:\PHPStudy\WWW\XFPHP/app/admin\lang\zh-cn.php
[ info ] [ SESSION ] INIT array (
  'id' => '',
  'var_session_id' => '',
  'prefix' => 'think',
  'type' => '',
  'auto_start' => true,
)
[ info ] [ RUN ] app\admin\controller\Index->main[ D:\PHPStudy\WWW\XFPHP\app\admin\controller\Index.php ]
[ info ] [ DB ] INIT mysql
[ info ] [ VIEW ] D:\PHPStudy\WWW\XFPHP/app/admin\view\index\main.html [ array (
  0 => 'config',
) ]
[ info ] [ LOG ] INIT File
[ sql ] [ DB ] CONNECT:[ UseTime:0.001520s ] mysql:host=127.0.0.1;dbname=xfphp_db;charset=utf8
[ sql ] [ SQL ] SELECT VERSION() AS ver [ RunTime:0.000505s ]
---------------------------------------------------------------
[ 2018-02-02T10:21:09+08:00 ] 0.0.0.0 GET /admin/Auth/adminList.html
[ info ] localhost:4259/admin/Auth/adminList.html [运行时间：0.048979s][吞吐率：20.42req/s] [内存消耗：1,825.96kb] [文件加载：52]
[ info ] [ LANG ] D:\PHPStudy\WWW\XFPHP\thinkphp\lang\zh-cn.php
[ info ] [ ROUTE ] array (
  'type' => 'module',
  'module' => 
  array (
    0 => 'admin',
    1 => 'Auth',
    2 => 'adminList',
  ),
)
[ info ] [ HEADER ] array (
  'host' => 'localhost:4259',
  'connection' => 'keep-alive',
  'upgrade-insecure-requests' => '1',
  'user-agent' => 'Mozilla/5.0 (Windows NT 10.0; Win64; x64) AppleWebKit/537.36 (KHTML, like Gecko) Chrome/62.0.3202.94 Safari/537.36',
  'accept' => 'text/html,application/xhtml+xml,application/xml;q=0.9,image/webp,image/apng,*/*;q=0.8',
  'referer' => 'http://localhost:4259/admin/index/index.html',
  'accept-encoding' => 'gzip, deflate, br',
  'accept-language' => 'zh-CN,zh;q=0.9',
  'cookie' => 'optimizelyEndUserId=oeu1511167744197r0.22256790140374139; ECS[visit_times]=2; _ym_uid=151330519863715653; _ga=GA1.1.531640230.1511167745; Hm_lvt_d7e112eaeea65921aeaadcc0af8f2853=1513327355,1515568796; pgv_pvi=7416847360; PHPSESSID=ifvqhkfbpgmkubaff3pnbra4p1',
)
[ info ] [ PARAM ] array (
)
[ info ] [ LANG ] D:\PHPStudy\WWW\XFPHP/app/admin\lang\zh-cn.php
[ info ] [ SESSION ] INIT array (
  'id' => '',
  'var_session_id' => '',
  'prefix' => 'think',
  'type' => '',
  'auto_start' => true,
)
[ info ] [ RUN ] app\admin\controller\Auth->adminList[ D:\PHPStudy\WWW\XFPHP\app\admin\controller\Auth.php ]
[ info ] [ VIEW ] D:\PHPStudy\WWW\XFPHP/app/admin\view\auth\adminList.html [ array (
) ]
[ info ] [ LOG ] INIT File
---------------------------------------------------------------
[ 2018-02-02T10:21:09+08:00 ] 0.0.0.0 POST /admin/auth/adminList.html
[ info ] localhost:4259/admin/auth/adminList.html [运行时间：0.078091s][吞吐率：12.81req/s] [内存消耗：2,637.16kb] [文件加载：60]
[ info ] [ LANG ] D:\PHPStudy\WWW\XFPHP\thinkphp\lang\zh-cn.php
[ info ] [ ROUTE ] array (
  'type' => 'module',
  'module' => 
  array (
    0 => 'admin',
    1 => 'auth',
    2 => 'adminList',
  ),
)
[ info ] [ HEADER ] array (
  'host' => 'localhost:4259',
  'connection' => 'keep-alive',
  'content-length' => '23',
  'accept' => 'application/json, text/javascript, */*; q=0.01',
  'origin' => 'http://localhost:4259',
  'x-requested-with' => 'XMLHttpRequest',
  'user-agent' => 'Mozilla/5.0 (Windows NT 10.0; Win64; x64) AppleWebKit/537.36 (KHTML, like Gecko) Chrome/62.0.3202.94 Safari/537.36',
  'content-type' => 'application/x-www-form-urlencoded; charset=UTF-8',
  'referer' => 'http://localhost:4259/admin/Auth/adminList.html',
  'accept-encoding' => 'gzip, deflate, br',
  'accept-language' => 'zh-CN,zh;q=0.9',
  'cookie' => 'optimizelyEndUserId=oeu1511167744197r0.22256790140374139; ECS[visit_times]=2; _ym_uid=151330519863715653; _ga=GA1.1.531640230.1511167745; Hm_lvt_d7e112eaeea65921aeaadcc0af8f2853=1513327355,1515568796; pgv_pvi=7416847360; PHPSESSID=ifvqhkfbpgmkubaff3pnbra4p1',
)
[ info ] [ PARAM ] array (
  'pageIndex' => '1',
  'pageSize' => '15',
)
[ info ] [ LANG ] D:\PHPStudy\WWW\XFPHP/app/admin\lang\zh-cn.php
[ info ] [ SESSION ] INIT array (
  'id' => '',
  'var_session_id' => '',
  'prefix' => 'think',
  'type' => '',
  'auto_start' => true,
)
[ info ] [ RUN ] app\admin\controller\Auth->adminList[ D:\PHPStudy\WWW\XFPHP\app\admin\controller\Auth.php ]
[ info ] [ DB ] INIT mysql
[ info ] [ LOG ] INIT File
[ sql ] [ DB ] CONNECT:[ UseTime:0.011050s ] mysql:host=127.0.0.1;dbname=xfphp_db;charset=utf8
[ sql ] [ SQL ] SHOW COLUMNS FROM `xf_admin` [ RunTime:0.006769s ]
[ sql ] [ SQL ] SELECT COUNT(*) AS tp_count FROM `xf_admin` `a` LEFT JOIN `xf_auth_group` `ag` ON `a`.`group_id`=`ag`.`group_id` LIMIT 1 [ RunTime:0.001977s ]
[ sql ] [ SQL ] SELECT `a`.*,`ag`.`title` FROM `xf_admin` `a` LEFT JOIN `xf_auth_group` `ag` ON `a`.`group_id`=`ag`.`group_id` LIMIT 0,15 [ RunTime:0.000817s ]
---------------------------------------------------------------
[ 2018-02-02T10:38:23+08:00 ] 0.0.0.0 GET /admin/Auth/adminList.html
[ info ] localhost:4259/admin/Auth/adminList.html [运行时间：0.032803s][吞吐率：30.48req/s] [内存消耗：1,835.74kb] [文件加载：52]
[ info ] [ LANG ] D:\PHPStudy\WWW\XFPHP\thinkphp\lang\zh-cn.php
[ info ] [ ROUTE ] array (
  'type' => 'module',
  'module' => 
  array (
    0 => 'admin',
    1 => 'Auth',
    2 => 'adminList',
  ),
)
[ info ] [ HEADER ] array (
  'host' => 'localhost:4259',
  'connection' => 'keep-alive',
  'cache-control' => 'max-age=0',
  'upgrade-insecure-requests' => '1',
  'user-agent' => 'Mozilla/5.0 (Windows NT 10.0; Win64; x64) AppleWebKit/537.36 (KHTML, like Gecko) Chrome/62.0.3202.94 Safari/537.36',
  'accept' => 'text/html,application/xhtml+xml,application/xml;q=0.9,image/webp,image/apng,*/*;q=0.8',
  'referer' => 'http://localhost:4259/admin/index/index.html',
  'accept-encoding' => 'gzip, deflate, br',
  'accept-language' => 'zh-CN,zh;q=0.9',
  'cookie' => 'optimizelyEndUserId=oeu1511167744197r0.22256790140374139; ECS[visit_times]=2; _ym_uid=151330519863715653; _ga=GA1.1.531640230.1511167745; Hm_lvt_d7e112eaeea65921aeaadcc0af8f2853=1513327355,1515568796; pgv_pvi=7416847360; PHPSESSID=ifvqhkfbpgmkubaff3pnbra4p1',
)
[ info ] [ PARAM ] array (
)
[ info ] [ LANG ] D:\PHPStudy\WWW\XFPHP/app/admin\lang\zh-cn.php
[ info ] [ SESSION ] INIT array (
  'id' => '',
  'var_session_id' => '',
  'prefix' => 'think',
  'type' => '',
  'auto_start' => true,
)
[ info ] [ RUN ] app\admin\controller\Auth->adminList[ D:\PHPStudy\WWW\XFPHP\app\admin\controller\Auth.php ]
[ info ] [ VIEW ] D:\PHPStudy\WWW\XFPHP/app/admin\view\auth\adminList.html [ array (
) ]
[ info ] [ LOG ] INIT File
---------------------------------------------------------------
[ 2018-02-02T10:38:24+08:00 ] 0.0.0.0 POST /admin/auth/adminList.html
[ info ] localhost:4259/admin/auth/adminList.html [运行时间：0.058114s][吞吐率：17.21req/s] [内存消耗：2,646.68kb] [文件加载：60]
[ info ] [ LANG ] D:\PHPStudy\WWW\XFPHP\thinkphp\lang\zh-cn.php
[ info ] [ ROUTE ] array (
  'type' => 'module',
  'module' => 
  array (
    0 => 'admin',
    1 => 'auth',
    2 => 'adminList',
  ),
)
[ info ] [ HEADER ] array (
  'host' => 'localhost:4259',
  'connection' => 'keep-alive',
  'content-length' => '23',
  'accept' => 'application/json, text/javascript, */*; q=0.01',
  'origin' => 'http://localhost:4259',
  'x-requested-with' => 'XMLHttpRequest',
  'user-agent' => 'Mozilla/5.0 (Windows NT 10.0; Win64; x64) AppleWebKit/537.36 (KHTML, like Gecko) Chrome/62.0.3202.94 Safari/537.36',
  'content-type' => 'application/x-www-form-urlencoded; charset=UTF-8',
  'referer' => 'http://localhost:4259/admin/Auth/adminList.html',
  'accept-encoding' => 'gzip, deflate, br',
  'accept-language' => 'zh-CN,zh;q=0.9',
  'cookie' => 'optimizelyEndUserId=oeu1511167744197r0.22256790140374139; ECS[visit_times]=2; _ym_uid=151330519863715653; _ga=GA1.1.531640230.1511167745; Hm_lvt_d7e112eaeea65921aeaadcc0af8f2853=1513327355,1515568796; pgv_pvi=7416847360; PHPSESSID=ifvqhkfbpgmkubaff3pnbra4p1',
)
[ info ] [ PARAM ] array (
  'pageIndex' => '1',
  'pageSize' => '15',
)
[ info ] [ LANG ] D:\PHPStudy\WWW\XFPHP/app/admin\lang\zh-cn.php
[ info ] [ SESSION ] INIT array (
  'id' => '',
  'var_session_id' => '',
  'prefix' => 'think',
  'type' => '',
  'auto_start' => true,
)
[ info ] [ RUN ] app\admin\controller\Auth->adminList[ D:\PHPStudy\WWW\XFPHP\app\admin\controller\Auth.php ]
[ info ] [ DB ] INIT mysql
[ info ] [ LOG ] INIT File
[ sql ] [ DB ] CONNECT:[ UseTime:0.002689s ] mysql:host=127.0.0.1;dbname=xfphp_db;charset=utf8
[ sql ] [ SQL ] SHOW COLUMNS FROM `xf_admin` [ RunTime:0.007889s ]
[ sql ] [ SQL ] SELECT COUNT(*) AS tp_count FROM `xf_admin` `a` LEFT JOIN `xf_auth_group` `ag` ON `a`.`group_id`=`ag`.`group_id` LIMIT 1 [ RunTime:0.000782s ]
[ sql ] [ SQL ] SELECT `a`.*,`ag`.`title` FROM `xf_admin` `a` LEFT JOIN `xf_auth_group` `ag` ON `a`.`group_id`=`ag`.`group_id` LIMIT 0,15 [ RunTime:0.000514s ]
---------------------------------------------------------------
[ 2018-02-02T10:38:25+08:00 ] 0.0.0.0 GET /admin/auth/adminAdd.html
[ info ] localhost:4259/admin/auth/adminAdd.html [运行时间：0.048091s][吞吐率：20.79req/s] [内存消耗：2,745.49kb] [文件加载：61]
[ info ] [ LANG ] D:\PHPStudy\WWW\XFPHP\thinkphp\lang\zh-cn.php
[ info ] [ ROUTE ] array (
  'type' => 'module',
  'module' => 
  array (
    0 => 'admin',
    1 => 'auth',
    2 => 'adminAdd',
  ),
)
[ info ] [ HEADER ] array (
  'host' => 'localhost:4259',
  'connection' => 'keep-alive',
  'upgrade-insecure-requests' => '1',
  'user-agent' => 'Mozilla/5.0 (Windows NT 10.0; Win64; x64) AppleWebKit/537.36 (KHTML, like Gecko) Chrome/62.0.3202.94 Safari/537.36',
  'accept' => 'text/html,application/xhtml+xml,application/xml;q=0.9,image/webp,image/apng,*/*;q=0.8',
  'referer' => 'http://localhost:4259/admin/Auth/adminList.html',
  'accept-encoding' => 'gzip, deflate, br',
  'accept-language' => 'zh-CN,zh;q=0.9',
  'cookie' => 'optimizelyEndUserId=oeu1511167744197r0.22256790140374139; ECS[visit_times]=2; _ym_uid=151330519863715653; _ga=GA1.1.531640230.1511167745; Hm_lvt_d7e112eaeea65921aeaadcc0af8f2853=1513327355,1515568796; pgv_pvi=7416847360; PHPSESSID=ifvqhkfbpgmkubaff3pnbra4p1',
)
[ info ] [ PARAM ] array (
)
[ info ] [ LANG ] D:\PHPStudy\WWW\XFPHP/app/admin\lang\zh-cn.php
[ info ] [ SESSION ] INIT array (
  'id' => '',
  'var_session_id' => '',
  'prefix' => 'think',
  'type' => '',
  'auto_start' => true,
)
[ info ] [ RUN ] app\admin\controller\Auth->adminAdd[ D:\PHPStudy\WWW\XFPHP\app\admin\controller\Auth.php ]
[ info ] [ DB ] INIT mysql
[ info ] [ VIEW ] D:\PHPStudy\WWW\XFPHP/app/admin\view\auth\adminForm.html [ array (
  0 => 'authGroup',
  1 => 'title',
  2 => 'info',
  3 => 'selected',
) ]
[ info ] [ LOG ] INIT File
[ sql ] [ DB ] CONNECT:[ UseTime:0.001000s ] mysql:host=127.0.0.1;dbname=xfphp_db;charset=utf8
[ sql ] [ SQL ] SHOW COLUMNS FROM `xf_auth_group` [ RunTime:0.007940s ]
[ sql ] [ SQL ] SELECT * FROM `xf_auth_group` [ RunTime:0.000597s ]
---------------------------------------------------------------
[ 2018-02-02T10:39:21+08:00 ] 0.0.0.0 POST /admin/auth/adminAdd.html
[ info ] localhost:4259/admin/auth/adminAdd.html [运行时间：0.064411s][吞吐率：15.53req/s] [内存消耗：2,892.77kb] [文件加载：62]
[ info ] [ LANG ] D:\PHPStudy\WWW\XFPHP\thinkphp\lang\zh-cn.php
[ info ] [ ROUTE ] array (
  'type' => 'module',
  'module' => 
  array (
    0 => 'admin',
    1 => 'auth',
    2 => 'adminAdd',
  ),
)
[ info ] [ HEADER ] array (
  'host' => 'localhost:4259',
  'connection' => 'keep-alive',
  'content-length' => '92',
  'accept' => '*/*',
  'origin' => 'http://localhost:4259',
  'x-requested-with' => 'XMLHttpRequest',
  'user-agent' => 'Mozilla/5.0 (Windows NT 10.0; Win64; x64) AppleWebKit/537.36 (KHTML, like Gecko) Chrome/62.0.3202.94 Safari/537.36',
  'content-type' => 'application/x-www-form-urlencoded; charset=UTF-8',
  'referer' => 'http://localhost:4259/admin/auth/adminAdd.html',
  'accept-encoding' => 'gzip, deflate, br',
  'accept-language' => 'zh-CN,zh;q=0.9',
  'cookie' => 'optimizelyEndUserId=oeu1511167744197r0.22256790140374139; ECS[visit_times]=2; _ym_uid=151330519863715653; _ga=GA1.1.531640230.1511167745; Hm_lvt_d7e112eaeea65921aeaadcc0af8f2853=1513327355,1515568796; pgv_pvi=7416847360; PHPSESSID=ifvqhkfbpgmkubaff3pnbra4p1',
)
[ info ] [ PARAM ] array (
  'group_id' => '1',
  'username' => 'xufeng',
  'pwd' => 'xufeng521',
  'email' => '2321149783@qq.com',
  'tel' => '18246058440',
  'is_open' => '1',
)
[ info ] [ LANG ] D:\PHPStudy\WWW\XFPHP/app/admin\lang\zh-cn.php
[ info ] [ SESSION ] INIT array (
  'id' => '',
  'var_session_id' => '',
  'prefix' => 'think',
  'type' => '',
  'auto_start' => true,
)
[ info ] [ RUN ] app\admin\controller\Auth->adminAdd[ D:\PHPStudy\WWW\XFPHP\app\admin\controller\Auth.php ]
[ info ] [ DB ] INIT mysql
[ info ] [ LOG ] INIT File
[ sql ] [ DB ] CONNECT:[ UseTime:0.002975s ] mysql:host=127.0.0.1;dbname=xfphp_db;charset=utf8
[ sql ] [ SQL ] SHOW COLUMNS FROM `xf_admin` [ RunTime:0.011368s ]
[ sql ] [ SQL ] SELECT * FROM `xf_admin` WHERE  `username` = 'xufeng' LIMIT 1 [ RunTime:0.000657s ]
[ error ] [8]Array to string conversion[D:\PHPStudy\WWW\XFPHP\thinkphp\library\think\Loader.php:491]
[ error ] [2]strpos() expects parameter 1 to be string, array given[D:\PHPStudy\WWW\XFPHP\thinkphp\library\think\Loader.php:523]
---------------------------------------------------------------
[ 2018-02-02T10:39:30+08:00 ] 0.0.0.0 POST /admin/auth/adminAdd.html
[ info ] localhost:4259/admin/auth/adminAdd.html [运行时间：0.050988s][吞吐率：19.61req/s] [内存消耗：2,892.77kb] [文件加载：62]
[ info ] [ LANG ] D:\PHPStudy\WWW\XFPHP\thinkphp\lang\zh-cn.php
[ info ] [ ROUTE ] array (
  'type' => 'module',
  'module' => 
  array (
    0 => 'admin',
    1 => 'auth',
    2 => 'adminAdd',
  ),
)
[ info ] [ HEADER ] array (
  'host' => 'localhost:4259',
  'connection' => 'keep-alive',
  'content-length' => '92',
  'accept' => '*/*',
  'origin' => 'http://localhost:4259',
  'x-requested-with' => 'XMLHttpRequest',
  'user-agent' => 'Mozilla/5.0 (Windows NT 10.0; Win64; x64) AppleWebKit/537.36 (KHTML, like Gecko) Chrome/62.0.3202.94 Safari/537.36',
  'content-type' => 'application/x-www-form-urlencoded; charset=UTF-8',
  'referer' => 'http://localhost:4259/admin/auth/adminAdd.html',
  'accept-encoding' => 'gzip, deflate, br',
  'accept-language' => 'zh-CN,zh;q=0.9',
  'cookie' => 'optimizelyEndUserId=oeu1511167744197r0.22256790140374139; ECS[visit_times]=2; _ym_uid=151330519863715653; _ga=GA1.1.531640230.1511167745; Hm_lvt_d7e112eaeea65921aeaadcc0af8f2853=1513327355,1515568796; pgv_pvi=7416847360; PHPSESSID=ifvqhkfbpgmkubaff3pnbra4p1',
)
[ info ] [ PARAM ] array (
  'group_id' => '1',
  'username' => 'xufeng',
  'pwd' => 'xufeng521',
  'email' => '2321149783@qq.com',
  'tel' => '18246058440',
  'is_open' => '1',
)
[ info ] [ LANG ] D:\PHPStudy\WWW\XFPHP/app/admin\lang\zh-cn.php
[ info ] [ SESSION ] INIT array (
  'id' => '',
  'var_session_id' => '',
  'prefix' => 'think',
  'type' => '',
  'auto_start' => true,
)
[ info ] [ RUN ] app\admin\controller\Auth->adminAdd[ D:\PHPStudy\WWW\XFPHP\app\admin\controller\Auth.php ]
[ info ] [ DB ] INIT mysql
[ info ] [ LOG ] INIT File
[ sql ] [ DB ] CONNECT:[ UseTime:0.001111s ] mysql:host=127.0.0.1;dbname=xfphp_db;charset=utf8
[ sql ] [ SQL ] SHOW COLUMNS FROM `xf_admin` [ RunTime:0.006665s ]
[ sql ] [ SQL ] SELECT * FROM `xf_admin` WHERE  `username` = 'xufeng' LIMIT 1 [ RunTime:0.000490s ]
[ error ] [8]Array to string conversion[D:\PHPStudy\WWW\XFPHP\thinkphp\library\think\Loader.php:491]
[ error ] [2]strpos() expects parameter 1 to be string, array given[D:\PHPStudy\WWW\XFPHP\thinkphp\library\think\Loader.php:523]
---------------------------------------------------------------
[ 2018-02-02T10:39:31+08:00 ] 0.0.0.0 POST /admin/auth/adminAdd.html
[ info ] localhost:4259/admin/auth/adminAdd.html [运行时间：0.052941s][吞吐率：18.89req/s] [内存消耗：2,892.77kb] [文件加载：62]
[ info ] [ LANG ] D:\PHPStudy\WWW\XFPHP\thinkphp\lang\zh-cn.php
[ info ] [ ROUTE ] array (
  'type' => 'module',
  'module' => 
  array (
    0 => 'admin',
    1 => 'auth',
    2 => 'adminAdd',
  ),
)
[ info ] [ HEADER ] array (
  'host' => 'localhost:4259',
  'connection' => 'keep-alive',
  'content-length' => '92',
  'accept' => '*/*',
  'origin' => 'http://localhost:4259',
  'x-requested-with' => 'XMLHttpRequest',
  'user-agent' => 'Mozilla/5.0 (Windows NT 10.0; Win64; x64) AppleWebKit/537.36 (KHTML, like Gecko) Chrome/62.0.3202.94 Safari/537.36',
  'content-type' => 'application/x-www-form-urlencoded; charset=UTF-8',
  'referer' => 'http://localhost:4259/admin/auth/adminAdd.html',
  'accept-encoding' => 'gzip, deflate, br',
  'accept-language' => 'zh-CN,zh;q=0.9',
  'cookie' => 'optimizelyEndUserId=oeu1511167744197r0.22256790140374139; ECS[visit_times]=2; _ym_uid=151330519863715653; _ga=GA1.1.531640230.1511167745; Hm_lvt_d7e112eaeea65921aeaadcc0af8f2853=1513327355,1515568796; pgv_pvi=7416847360; PHPSESSID=ifvqhkfbpgmkubaff3pnbra4p1',
)
[ info ] [ PARAM ] array (
  'group_id' => '1',
  'username' => 'xufeng',
  'pwd' => 'xufeng521',
  'email' => '2321149783@qq.com',
  'tel' => '18246058440',
  'is_open' => '1',
)
[ info ] [ LANG ] D:\PHPStudy\WWW\XFPHP/app/admin\lang\zh-cn.php
[ info ] [ SESSION ] INIT array (
  'id' => '',
  'var_session_id' => '',
  'prefix' => 'think',
  'type' => '',
  'auto_start' => true,
)
[ info ] [ RUN ] app\admin\controller\Auth->adminAdd[ D:\PHPStudy\WWW\XFPHP\app\admin\controller\Auth.php ]
[ info ] [ DB ] INIT mysql
[ info ] [ LOG ] INIT File
[ sql ] [ DB ] CONNECT:[ UseTime:0.001135s ] mysql:host=127.0.0.1;dbname=xfphp_db;charset=utf8
[ sql ] [ SQL ] SHOW COLUMNS FROM `xf_admin` [ RunTime:0.007465s ]
[ sql ] [ SQL ] SELECT * FROM `xf_admin` WHERE  `username` = 'xufeng' LIMIT 1 [ RunTime:0.000532s ]
[ error ] [8]Array to string conversion[D:\PHPStudy\WWW\XFPHP\thinkphp\library\think\Loader.php:491]
[ error ] [2]strpos() expects parameter 1 to be string, array given[D:\PHPStudy\WWW\XFPHP\thinkphp\library\think\Loader.php:523]
---------------------------------------------------------------
[ 2018-02-02T10:39:53+08:00 ] 0.0.0.0 POST /admin/auth/adminAdd.html
[ info ] localhost:4259/admin/auth/adminAdd.html [运行时间：0.061678s][吞吐率：16.21req/s] [内存消耗：2,892.77kb] [文件加载：62]
[ info ] [ LANG ] D:\PHPStudy\WWW\XFPHP\thinkphp\lang\zh-cn.php
[ info ] [ ROUTE ] array (
  'type' => 'module',
  'module' => 
  array (
    0 => 'admin',
    1 => 'auth',
    2 => 'adminAdd',
  ),
)
[ info ] [ HEADER ] array (
  'host' => 'localhost:4259',
  'connection' => 'keep-alive',
  'content-length' => '92',
  'accept' => '*/*',
  'origin' => 'http://localhost:4259',
  'x-requested-with' => 'XMLHttpRequest',
  'user-agent' => 'Mozilla/5.0 (Windows NT 10.0; Win64; x64) AppleWebKit/537.36 (KHTML, like Gecko) Chrome/62.0.3202.94 Safari/537.36',
  'content-type' => 'application/x-www-form-urlencoded; charset=UTF-8',
  'referer' => 'http://localhost:4259/admin/auth/adminAdd.html',
  'accept-encoding' => 'gzip, deflate, br',
  'accept-language' => 'zh-CN,zh;q=0.9',
  'cookie' => 'optimizelyEndUserId=oeu1511167744197r0.22256790140374139; ECS[visit_times]=2; _ym_uid=151330519863715653; _ga=GA1.1.531640230.1511167745; Hm_lvt_d7e112eaeea65921aeaadcc0af8f2853=1513327355,1515568796; pgv_pvi=7416847360; PHPSESSID=ifvqhkfbpgmkubaff3pnbra4p1',
)
[ info ] [ PARAM ] array (
  'group_id' => '1',
  'username' => 'xufeng',
  'pwd' => 'xufeng521',
  'email' => '2321149783@qq.com',
  'tel' => '18246058440',
  'is_open' => '1',
)
[ info ] [ LANG ] D:\PHPStudy\WWW\XFPHP/app/admin\lang\zh-cn.php
[ info ] [ SESSION ] INIT array (
  'id' => '',
  'var_session_id' => '',
  'prefix' => 'think',
  'type' => '',
  'auto_start' => true,
)
[ info ] [ RUN ] app\admin\controller\Auth->adminAdd[ D:\PHPStudy\WWW\XFPHP\app\admin\controller\Auth.php ]
[ info ] [ DB ] INIT mysql
[ info ] [ LOG ] INIT File
[ sql ] [ DB ] CONNECT:[ UseTime:0.010680s ] mysql:host=127.0.0.1;dbname=xfphp_db;charset=utf8
[ sql ] [ SQL ] SHOW COLUMNS FROM `xf_admin` [ RunTime:0.007599s ]
[ sql ] [ SQL ] SELECT * FROM `xf_admin` WHERE  `username` = 'xufeng' LIMIT 1 [ RunTime:0.000463s ]
[ error ] [8]Array to string conversion[D:\PHPStudy\WWW\XFPHP\thinkphp\library\think\Loader.php:491]
[ error ] [2]strpos() expects parameter 1 to be string, array given[D:\PHPStudy\WWW\XFPHP\thinkphp\library\think\Loader.php:523]
---------------------------------------------------------------
[ 2018-02-02T10:40:43+08:00 ] 0.0.0.0 GET /admin/auth/adminAdd.html
[ info ] localhost:4259/admin/auth/adminAdd.html [运行时间：0.063407s][吞吐率：15.77req/s] [内存消耗：2,748.62kb] [文件加载：61]
[ info ] [ LANG ] D:\PHPStudy\WWW\XFPHP\thinkphp\lang\zh-cn.php
[ info ] [ ROUTE ] array (
  'type' => 'module',
  'module' => 
  array (
    0 => 'admin',
    1 => 'auth',
    2 => 'adminAdd',
  ),
)
[ info ] [ HEADER ] array (
  'host' => 'localhost:4259',
  'connection' => 'keep-alive',
  'cache-control' => 'max-age=0',
  'upgrade-insecure-requests' => '1',
  'user-agent' => 'Mozilla/5.0 (Windows NT 10.0; Win64; x64) AppleWebKit/537.36 (KHTML, like Gecko) Chrome/62.0.3202.94 Safari/537.36',
  'accept' => 'text/html,application/xhtml+xml,application/xml;q=0.9,image/webp,image/apng,*/*;q=0.8',
  'referer' => 'http://localhost:4259/admin/Auth/adminList.html',
  'accept-encoding' => 'gzip, deflate, br',
  'accept-language' => 'zh-CN,zh;q=0.9',
  'cookie' => 'optimizelyEndUserId=oeu1511167744197r0.22256790140374139; ECS[visit_times]=2; _ym_uid=151330519863715653; _ga=GA1.1.531640230.1511167745; Hm_lvt_d7e112eaeea65921aeaadcc0af8f2853=1513327355,1515568796; pgv_pvi=7416847360; PHPSESSID=ifvqhkfbpgmkubaff3pnbra4p1',
)
[ info ] [ PARAM ] array (
)
[ info ] [ LANG ] D:\PHPStudy\WWW\XFPHP/app/admin\lang\zh-cn.php
[ info ] [ SESSION ] INIT array (
  'id' => '',
  'var_session_id' => '',
  'prefix' => 'think',
  'type' => '',
  'auto_start' => true,
)
[ info ] [ RUN ] app\admin\controller\Auth->adminAdd[ D:\PHPStudy\WWW\XFPHP\app\admin\controller\Auth.php ]
[ info ] [ DB ] INIT mysql
[ info ] [ VIEW ] D:\PHPStudy\WWW\XFPHP/app/admin\view\auth\adminForm.html [ array (
  0 => 'authGroup',
  1 => 'title',
  2 => 'info',
  3 => 'selected',
) ]
[ info ] [ LOG ] INIT File
[ sql ] [ DB ] CONNECT:[ UseTime:0.010625s ] mysql:host=127.0.0.1;dbname=xfphp_db;charset=utf8
[ sql ] [ SQL ] SHOW COLUMNS FROM `xf_auth_group` [ RunTime:0.006903s ]
[ sql ] [ SQL ] SELECT * FROM `xf_auth_group` [ RunTime:0.000493s ]
---------------------------------------------------------------
[ 2018-02-02T10:41:17+08:00 ] 0.0.0.0 POST /admin/auth/adminAdd.html
[ info ] localhost:4259/admin/auth/adminAdd.html [运行时间：0.058903s][吞吐率：16.98req/s] [内存消耗：2,892.73kb] [文件加载：62]
[ info ] [ LANG ] D:\PHPStudy\WWW\XFPHP\thinkphp\lang\zh-cn.php
[ info ] [ ROUTE ] array (
  'type' => 'module',
  'module' => 
  array (
    0 => 'admin',
    1 => 'auth',
    2 => 'adminAdd',
  ),
)
[ info ] [ HEADER ] array (
  'host' => 'localhost:4259',
  'connection' => 'keep-alive',
  'content-length' => '85',
  'accept' => '*/*',
  'origin' => 'http://localhost:4259',
  'x-requested-with' => 'XMLHttpRequest',
  'user-agent' => 'Mozilla/5.0 (Windows NT 10.0; Win64; x64) AppleWebKit/537.36 (KHTML, like Gecko) Chrome/62.0.3202.94 Safari/537.36',
  'content-type' => 'application/x-www-form-urlencoded; charset=UTF-8',
  'referer' => 'http://localhost:4259/admin/auth/adminAdd.html',
  'accept-encoding' => 'gzip, deflate, br',
  'accept-language' => 'zh-CN,zh;q=0.9',
  'cookie' => 'optimizelyEndUserId=oeu1511167744197r0.22256790140374139; ECS[visit_times]=2; _ym_uid=151330519863715653; _ga=GA1.1.531640230.1511167745; Hm_lvt_d7e112eaeea65921aeaadcc0af8f2853=1513327355,1515568796; pgv_pvi=7416847360; PHPSESSID=ifvqhkfbpgmkubaff3pnbra4p1',
)
[ info ] [ PARAM ] array (
  'group_id' => '1',
  'username' => 'xufeng',
  'pwd' => 'xufeng521',
  'email' => '999@qq.com',
  'tel' => '18246058440',
  'is_open' => '1',
)
[ info ] [ LANG ] D:\PHPStudy\WWW\XFPHP/app/admin\lang\zh-cn.php
[ info ] [ SESSION ] INIT array (
  'id' => '',
  'var_session_id' => '',
  'prefix' => 'think',
  'type' => '',
  'auto_start' => true,
)
[ info ] [ RUN ] app\admin\controller\Auth->adminAdd[ D:\PHPStudy\WWW\XFPHP\app\admin\controller\Auth.php ]
[ info ] [ DB ] INIT mysql
[ info ] [ LOG ] INIT File
[ sql ] [ DB ] CONNECT:[ UseTime:0.002395s ] mysql:host=127.0.0.1;dbname=xfphp_db;charset=utf8
[ sql ] [ SQL ] SHOW COLUMNS FROM `xf_admin` [ RunTime:0.007911s ]
[ sql ] [ SQL ] SELECT * FROM `xf_admin` WHERE  `username` = 'xufeng' LIMIT 1 [ RunTime:0.000641s ]
[ error ] [8]Array to string conversion[D:\PHPStudy\WWW\XFPHP\thinkphp\library\think\Loader.php:491]
[ error ] [2]strpos() expects parameter 1 to be string, array given[D:\PHPStudy\WWW\XFPHP\thinkphp\library\think\Loader.php:523]
---------------------------------------------------------------
[ 2018-02-02T10:41:23+08:00 ] 0.0.0.0 POST /admin/auth/adminAdd.html
[ info ] localhost:4259/admin/auth/adminAdd.html [运行时间：0.051558s][吞吐率：19.40req/s] [内存消耗：2,892.73kb] [文件加载：62]
[ info ] [ LANG ] D:\PHPStudy\WWW\XFPHP\thinkphp\lang\zh-cn.php
[ info ] [ ROUTE ] array (
  'type' => 'module',
  'module' => 
  array (
    0 => 'admin',
    1 => 'auth',
    2 => 'adminAdd',
  ),
)
[ info ] [ HEADER ] array (
  'host' => 'localhost:4259',
  'connection' => 'keep-alive',
  'content-length' => '85',
  'accept' => '*/*',
  'origin' => 'http://localhost:4259',
  'x-requested-with' => 'XMLHttpRequest',
  'user-agent' => 'Mozilla/5.0 (Windows NT 10.0; Win64; x64) AppleWebKit/537.36 (KHTML, like Gecko) Chrome/62.0.3202.94 Safari/537.36',
  'content-type' => 'application/x-www-form-urlencoded; charset=UTF-8',
  'referer' => 'http://localhost:4259/admin/auth/adminAdd.html',
  'accept-encoding' => 'gzip, deflate, br',
  'accept-language' => 'zh-CN,zh;q=0.9',
  'cookie' => 'optimizelyEndUserId=oeu1511167744197r0.22256790140374139; ECS[visit_times]=2; _ym_uid=151330519863715653; _ga=GA1.1.531640230.1511167745; Hm_lvt_d7e112eaeea65921aeaadcc0af8f2853=1513327355,1515568796; pgv_pvi=7416847360; PHPSESSID=ifvqhkfbpgmkubaff3pnbra4p1',
)
[ info ] [ PARAM ] array (
  'group_id' => '1',
  'username' => 'xufeng',
  'pwd' => 'xufeng521',
  'email' => '999@qq.com',
  'tel' => '18246058440',
  'is_open' => '1',
)
[ info ] [ LANG ] D:\PHPStudy\WWW\XFPHP/app/admin\lang\zh-cn.php
[ info ] [ SESSION ] INIT array (
  'id' => '',
  'var_session_id' => '',
  'prefix' => 'think',
  'type' => '',
  'auto_start' => true,
)
[ info ] [ RUN ] app\admin\controller\Auth->adminAdd[ D:\PHPStudy\WWW\XFPHP\app\admin\controller\Auth.php ]
[ info ] [ DB ] INIT mysql
[ info ] [ LOG ] INIT File
[ sql ] [ DB ] CONNECT:[ UseTime:0.001826s ] mysql:host=127.0.0.1;dbname=xfphp_db;charset=utf8
[ sql ] [ SQL ] SHOW COLUMNS FROM `xf_admin` [ RunTime:0.007038s ]
[ sql ] [ SQL ] SELECT * FROM `xf_admin` WHERE  `username` = 'xufeng' LIMIT 1 [ RunTime:0.000573s ]
[ error ] [8]Array to string conversion[D:\PHPStudy\WWW\XFPHP\thinkphp\library\think\Loader.php:491]
[ error ] [2]strpos() expects parameter 1 to be string, array given[D:\PHPStudy\WWW\XFPHP\thinkphp\library\think\Loader.php:523]
---------------------------------------------------------------
[ 2018-02-02T10:43:43+08:00 ] 0.0.0.0 GET /admin/auth/adminAdd.html
[ info ] localhost:4259/admin/auth/adminAdd.html [运行时间：0.052035s][吞吐率：19.22req/s] [内存消耗：2,597.05kb] [文件加载：59]
[ info ] [ LANG ] D:\PHPStudy\WWW\XFPHP\thinkphp\lang\zh-cn.php
[ info ] [ ROUTE ] array (
  'type' => 'module',
  'module' => 
  array (
    0 => 'admin',
    1 => 'auth',
    2 => 'adminAdd',
  ),
)
[ info ] [ HEADER ] array (
  'host' => 'localhost:4259',
  'connection' => 'keep-alive',
  'cache-control' => 'max-age=0',
  'upgrade-insecure-requests' => '1',
  'user-agent' => 'Mozilla/5.0 (Windows NT 10.0; Win64; x64) AppleWebKit/537.36 (KHTML, like Gecko) Chrome/62.0.3202.94 Safari/537.36',
  'accept' => 'text/html,application/xhtml+xml,application/xml;q=0.9,image/webp,image/apng,*/*;q=0.8',
  'referer' => 'http://localhost:4259/admin/Auth/adminList.html',
  'accept-encoding' => 'gzip, deflate, br',
  'accept-language' => 'zh-CN,zh;q=0.9',
  'cookie' => 'optimizelyEndUserId=oeu1511167744197r0.22256790140374139; ECS[visit_times]=2; _ym_uid=151330519863715653; _ga=GA1.1.531640230.1511167745; Hm_lvt_d7e112eaeea65921aeaadcc0af8f2853=1513327355,1515568796; pgv_pvi=7416847360; PHPSESSID=ifvqhkfbpgmkubaff3pnbra4p1',
)
[ info ] [ PARAM ] array (
)
[ info ] [ LANG ] D:\PHPStudy\WWW\XFPHP/app/admin\lang\zh-cn.php
[ info ] [ SESSION ] INIT array (
  'id' => '',
  'var_session_id' => '',
  'prefix' => 'think',
  'type' => '',
  'auto_start' => true,
)
[ info ] [ RUN ] app\admin\controller\Auth->adminAdd[ D:\PHPStudy\WWW\XFPHP\app\admin\controller\Auth.php ]
[ info ] [ DB ] INIT mysql
[ info ] [ VIEW ] D:\PHPStudy\WWW\XFPHP/app/admin\view\auth\adminForm.html [ array (
  0 => 'authGroup',
  1 => 'title',
  2 => 'info',
  3 => 'selected',
) ]
[ info ] [ LOG ] INIT File
[ sql ] [ DB ] CONNECT:[ UseTime:0.001047s ] mysql:host=127.0.0.1;dbname=xfphp_db;charset=utf8
[ sql ] [ SQL ] SHOW COLUMNS FROM `xf_auth_group` [ RunTime:0.007705s ]
[ sql ] [ SQL ] SELECT * FROM `xf_auth_group` [ RunTime:0.000496s ]
---------------------------------------------------------------
[ 2018-02-02T10:43:43+08:00 ] 0.0.0.0 GET /public/static/js/angular.min.js.map
[ info ] localhost:4259/public/static/js/angular.min.js.map [运行时间：0.039412s][吞吐率：25.37req/s] [内存消耗：1,426.91kb] [文件加载：38]
[ info ] [ LANG ] D:\PHPStudy\WWW\XFPHP\thinkphp\lang\zh-cn.php
[ info ] [ ROUTE ] array (
  'type' => 'module',
  'module' => 
  array (
    0 => 'public',
    1 => 'static',
    2 => 'js',
  ),
)
[ info ] [ HEADER ] array (
  'host' => 'localhost:4259',
  'connection' => 'keep-alive',
  'user-agent' => 'Mozilla/5.0 (Windows NT 10.0; Win64; x64) AppleWebKit/537.36 (KHTML, like Gecko) Chrome/62.0.3202.94 Safari/537.36',
  'accept-encoding' => 'gzip, deflate, br',
  'accept-language' => 'zh-CN,zh;q=0.9',
  'cookie' => 'optimizelyEndUserId=oeu1511167744197r0.22256790140374139; ECS[visit_times]=2; _ym_uid=151330519863715653; _ga=GA1.1.531640230.1511167745; Hm_lvt_d7e112eaeea65921aeaadcc0af8f2853=1513327355,1515568796; pgv_pvi=7416847360; PHPSESSID=ifvqhkfbpgmkubaff3pnbra4p1',
)
[ info ] [ PARAM ] array (
)
[ info ] [ LOG ] INIT File
---------------------------------------------------------------
[ 2018-02-02T10:44:52+08:00 ] 0.0.0.0 GET /admin/auth/adminAdd.html
[ info ] localhost:4259/admin/auth/adminAdd.html [运行时间：0.065451s][吞吐率：15.28req/s] [内存消耗：2,597.01kb] [文件加载：59]
[ info ] [ LANG ] D:\PHPStudy\WWW\XFPHP\thinkphp\lang\zh-cn.php
[ info ] [ ROUTE ] array (
  'type' => 'module',
  'module' => 
  array (
    0 => 'admin',
    1 => 'auth',
    2 => 'adminAdd',
  ),
)
[ info ] [ HEADER ] array (
  'host' => 'localhost:4259',
  'connection' => 'keep-alive',
  'cache-control' => 'max-age=0',
  'upgrade-insecure-requests' => '1',
  'user-agent' => 'Mozilla/5.0 (Windows NT 10.0; Win64; x64) AppleWebKit/537.36 (KHTML, like Gecko) Chrome/62.0.3202.94 Safari/537.36',
  'accept' => 'text/html,application/xhtml+xml,application/xml;q=0.9,image/webp,image/apng,*/*;q=0.8',
  'referer' => 'http://localhost:4259/admin/Auth/adminList.html',
  'accept-encoding' => 'gzip, deflate, br',
  'accept-language' => 'zh-CN,zh;q=0.9',
  'cookie' => 'optimizelyEndUserId=oeu1511167744197r0.22256790140374139; ECS[visit_times]=2; _ym_uid=151330519863715653; _ga=GA1.1.531640230.1511167745; Hm_lvt_d7e112eaeea65921aeaadcc0af8f2853=1513327355,1515568796; pgv_pvi=7416847360; PHPSESSID=ifvqhkfbpgmkubaff3pnbra4p1',
)
[ info ] [ PARAM ] array (
)
[ info ] [ LANG ] D:\PHPStudy\WWW\XFPHP/app/admin\lang\zh-cn.php
[ info ] [ SESSION ] INIT array (
  'id' => '',
  'var_session_id' => '',
  'prefix' => 'think',
  'type' => '',
  'auto_start' => true,
)
[ info ] [ RUN ] app\admin\controller\Auth->adminAdd[ D:\PHPStudy\WWW\XFPHP\app\admin\controller\Auth.php ]
[ info ] [ DB ] INIT mysql
[ info ] [ VIEW ] D:\PHPStudy\WWW\XFPHP/app/admin\view\auth\adminForm.html [ array (
  0 => 'authGroup',
  1 => 'title',
  2 => 'info',
  3 => 'selected',
) ]
[ info ] [ LOG ] INIT File
[ sql ] [ DB ] CONNECT:[ UseTime:0.010955s ] mysql:host=127.0.0.1;dbname=xfphp_db;charset=utf8
[ sql ] [ SQL ] SHOW COLUMNS FROM `xf_auth_group` [ RunTime:0.007638s ]
[ sql ] [ SQL ] SELECT * FROM `xf_auth_group` [ RunTime:0.000539s ]
---------------------------------------------------------------
[ 2018-02-02T10:45:17+08:00 ] 0.0.0.0 POST /admin/auth/adminAdd.html
[ info ] localhost:4259/admin/auth/adminAdd.html [运行时间：0.062570s][吞吐率：15.98req/s] [内存消耗：2,935.84kb] [文件加载：61]
[ info ] [ LANG ] D:\PHPStudy\WWW\XFPHP\thinkphp\lang\zh-cn.php
[ info ] [ ROUTE ] array (
  'type' => 'module',
  'module' => 
  array (
    0 => 'admin',
    1 => 'auth',
    2 => 'adminAdd',
  ),
)
[ info ] [ HEADER ] array (
  'host' => 'localhost:4259',
  'connection' => 'keep-alive',
  'content-length' => '85',
  'accept' => '*/*',
  'origin' => 'http://localhost:4259',
  'x-requested-with' => 'XMLHttpRequest',
  'user-agent' => 'Mozilla/5.0 (Windows NT 10.0; Win64; x64) AppleWebKit/537.36 (KHTML, like Gecko) Chrome/62.0.3202.94 Safari/537.36',
  'content-type' => 'application/x-www-form-urlencoded; charset=UTF-8',
  'referer' => 'http://localhost:4259/admin/auth/adminAdd.html',
  'accept-encoding' => 'gzip, deflate, br',
  'accept-language' => 'zh-CN,zh;q=0.9',
  'cookie' => 'optimizelyEndUserId=oeu1511167744197r0.22256790140374139; ECS[visit_times]=2; _ym_uid=151330519863715653; _ga=GA1.1.531640230.1511167745; Hm_lvt_d7e112eaeea65921aeaadcc0af8f2853=1513327355,1515568796; pgv_pvi=7416847360; PHPSESSID=ifvqhkfbpgmkubaff3pnbra4p1',
)
[ info ] [ PARAM ] array (
  'group_id' => '1',
  'username' => 'xufeng',
  'pwd' => 'xufeng521',
  'email' => '222@qq.com',
  'tel' => '18246058440',
  'is_open' => '1',
)
[ info ] [ LANG ] D:\PHPStudy\WWW\XFPHP/app/admin\lang\zh-cn.php
[ info ] [ SESSION ] INIT array (
  'id' => '',
  'var_session_id' => '',
  'prefix' => 'think',
  'type' => '',
  'auto_start' => true,
)
[ info ] [ RUN ] app\admin\controller\Auth->adminAdd[ D:\PHPStudy\WWW\XFPHP\app\admin\controller\Auth.php ]
[ info ] [ DB ] INIT mysql
[ info ] [ LOG ] INIT File
[ sql ] [ DB ] CONNECT:[ UseTime:0.010637s ] mysql:host=127.0.0.1;dbname=xfphp_db;charset=utf8
[ sql ] [ SQL ] SHOW COLUMNS FROM `xf_admin` [ RunTime:0.007365s ]
[ sql ] [ SQL ] SELECT * FROM `xf_admin` WHERE  `username` = 'xufeng' LIMIT 1 [ RunTime:0.000614s ]
[ sql ] [ SQL ] INSERT INTO `xf_admin` (`group_id` , `username` , `pwd` , `email` , `tel` , `is_open` , `add_time` , `ip`) VALUES (1 , 'xufeng' , '36fd1f08f566375ec069cdd8859c5786' , '222@qq.com' , '18246058440' , 1 , 1517539517 , '0.0.0.0') [ RunTime:0.001446s ]
---------------------------------------------------------------
[ 2018-02-02T10:45:19+08:00 ] 0.0.0.0 GET /admin/auth/adminList.html
[ info ] localhost:4259/admin/auth/adminList.html [运行时间：0.033505s][吞吐率：29.85req/s] [内存消耗：1,835.47kb] [文件加载：52]
[ info ] [ LANG ] D:\PHPStudy\WWW\XFPHP\thinkphp\lang\zh-cn.php
[ info ] [ ROUTE ] array (
  'type' => 'module',
  'module' => 
  array (
    0 => 'admin',
    1 => 'auth',
    2 => 'adminList',
  ),
)
[ info ] [ HEADER ] array (
  'host' => 'localhost:4259',
  'connection' => 'keep-alive',
  'upgrade-insecure-requests' => '1',
  'user-agent' => 'Mozilla/5.0 (Windows NT 10.0; Win64; x64) AppleWebKit/537.36 (KHTML, like Gecko) Chrome/62.0.3202.94 Safari/537.36',
  'accept' => 'text/html,application/xhtml+xml,application/xml;q=0.9,image/webp,image/apng,*/*;q=0.8',
  'referer' => 'http://localhost:4259/admin/auth/adminAdd.html',
  'accept-encoding' => 'gzip, deflate, br',
  'accept-language' => 'zh-CN,zh;q=0.9',
  'cookie' => 'optimizelyEndUserId=oeu1511167744197r0.22256790140374139; ECS[visit_times]=2; _ym_uid=151330519863715653; _ga=GA1.1.531640230.1511167745; Hm_lvt_d7e112eaeea65921aeaadcc0af8f2853=1513327355,1515568796; pgv_pvi=7416847360; PHPSESSID=ifvqhkfbpgmkubaff3pnbra4p1',
)
[ info ] [ PARAM ] array (
)
[ info ] [ LANG ] D:\PHPStudy\WWW\XFPHP/app/admin\lang\zh-cn.php
[ info ] [ SESSION ] INIT array (
  'id' => '',
  'var_session_id' => '',
  'prefix' => 'think',
  'type' => '',
  'auto_start' => true,
)
[ info ] [ RUN ] app\admin\controller\Auth->adminList[ D:\PHPStudy\WWW\XFPHP\app\admin\controller\Auth.php ]
[ info ] [ VIEW ] D:\PHPStudy\WWW\XFPHP/app/admin\view\auth\adminList.html [ array (
) ]
[ info ] [ LOG ] INIT File
---------------------------------------------------------------
[ 2018-02-02T10:45:19+08:00 ] 0.0.0.0 POST /admin/auth/adminList.html
[ info ] localhost:4259/admin/auth/adminList.html [运行时间：0.052117s][吞吐率：19.19req/s] [内存消耗：2,647.25kb] [文件加载：60]
[ info ] [ LANG ] D:\PHPStudy\WWW\XFPHP\thinkphp\lang\zh-cn.php
[ info ] [ ROUTE ] array (
  'type' => 'module',
  'module' => 
  array (
    0 => 'admin',
    1 => 'auth',
    2 => 'adminList',
  ),
)
[ info ] [ HEADER ] array (
  'host' => 'localhost:4259',
  'connection' => 'keep-alive',
  'content-length' => '23',
  'accept' => 'application/json, text/javascript, */*; q=0.01',
  'origin' => 'http://localhost:4259',
  'x-requested-with' => 'XMLHttpRequest',
  'user-agent' => 'Mozilla/5.0 (Windows NT 10.0; Win64; x64) AppleWebKit/537.36 (KHTML, like Gecko) Chrome/62.0.3202.94 Safari/537.36',
  'content-type' => 'application/x-www-form-urlencoded; charset=UTF-8',
  'referer' => 'http://localhost:4259/admin/auth/adminList.html',
  'accept-encoding' => 'gzip, deflate, br',
  'accept-language' => 'zh-CN,zh;q=0.9',
  'cookie' => 'optimizelyEndUserId=oeu1511167744197r0.22256790140374139; ECS[visit_times]=2; _ym_uid=151330519863715653; _ga=GA1.1.531640230.1511167745; Hm_lvt_d7e112eaeea65921aeaadcc0af8f2853=1513327355,1515568796; pgv_pvi=7416847360; PHPSESSID=ifvqhkfbpgmkubaff3pnbra4p1',
)
[ info ] [ PARAM ] array (
  'pageIndex' => '1',
  'pageSize' => '15',
)
[ info ] [ LANG ] D:\PHPStudy\WWW\XFPHP/app/admin\lang\zh-cn.php
[ info ] [ SESSION ] INIT array (
  'id' => '',
  'var_session_id' => '',
  'prefix' => 'think',
  'type' => '',
  'auto_start' => true,
)
[ info ] [ RUN ] app\admin\controller\Auth->adminList[ D:\PHPStudy\WWW\XFPHP\app\admin\controller\Auth.php ]
[ info ] [ DB ] INIT mysql
[ info ] [ LOG ] INIT File
[ sql ] [ DB ] CONNECT:[ UseTime:0.001182s ] mysql:host=127.0.0.1;dbname=xfphp_db;charset=utf8
[ sql ] [ SQL ] SHOW COLUMNS FROM `xf_admin` [ RunTime:0.009290s ]
[ sql ] [ SQL ] SELECT COUNT(*) AS tp_count FROM `xf_admin` `a` LEFT JOIN `xf_auth_group` `ag` ON `a`.`group_id`=`ag`.`group_id` LIMIT 1 [ RunTime:0.000825s ]
[ sql ] [ SQL ] SELECT `a`.*,`ag`.`title` FROM `xf_admin` `a` LEFT JOIN `xf_auth_group` `ag` ON `a`.`group_id`=`ag`.`group_id` LIMIT 0,15 [ RunTime:0.000714s ]
---------------------------------------------------------------
[ 2018-02-02T10:46:08+08:00 ] 0.0.0.0 POST /admin/auth/adminState.html
[ info ] localhost:4259/admin/auth/adminState.html [运行时间：0.037094s][吞吐率：26.96req/s] [内存消耗：1,772.28kb] [文件加载：51]
[ info ] [ LANG ] D:\PHPStudy\WWW\XFPHP\thinkphp\lang\zh-cn.php
[ info ] [ ROUTE ] array (
  'type' => 'module',
  'module' => 
  array (
    0 => 'admin',
    1 => 'auth',
    2 => 'adminState',
  ),
)
[ info ] [ HEADER ] array (
  'host' => 'localhost:4259',
  'connection' => 'keep-alive',
  'content-length' => '5',
  'accept' => '*/*',
  'origin' => 'http://localhost:4259',
  'x-requested-with' => 'XMLHttpRequest',
  'user-agent' => 'Mozilla/5.0 (Windows NT 10.0; Win64; x64) AppleWebKit/537.36 (KHTML, like Gecko) Chrome/62.0.3202.94 Safari/537.36',
  'content-type' => 'application/x-www-form-urlencoded; charset=UTF-8',
  'referer' => 'http://localhost:4259/admin/auth/adminList.html',
  'accept-encoding' => 'gzip, deflate, br',
  'accept-language' => 'zh-CN,zh;q=0.9',
  'cookie' => 'optimizelyEndUserId=oeu1511167744197r0.22256790140374139; ECS[visit_times]=2; _ym_uid=151330519863715653; _ga=GA1.1.531640230.1511167745; Hm_lvt_d7e112eaeea65921aeaadcc0af8f2853=1513327355,1515568796; pgv_pvi=7416847360; PHPSESSID=ifvqhkfbpgmkubaff3pnbra4p1',
)
[ info ] [ PARAM ] array (
  'id' => '10',
)
[ info ] [ LANG ] D:\PHPStudy\WWW\XFPHP/app/admin\lang\zh-cn.php
[ info ] [ SESSION ] INIT array (
  'id' => '',
  'var_session_id' => '',
  'prefix' => 'think',
  'type' => '',
  'auto_start' => true,
)
[ info ] [ RUN ] app\admin\controller\Common->_empty[ D:\PHPStudy\WWW\XFPHP\app\admin\controller\Common.php ]
[ info ] [ LOG ] INIT File
---------------------------------------------------------------
[ 2018-02-02T10:47:40+08:00 ] 0.0.0.0 GET /admin/auth/adminAdd.html
[ info ] localhost:4259/admin/auth/adminAdd.html [运行时间：0.036274s][吞吐率：27.57req/s] [内存消耗：1,729.56kb] [文件加载：48]
[ info ] [ LANG ] D:\PHPStudy\WWW\XFPHP\thinkphp\lang\zh-cn.php
[ info ] [ ROUTE ] array (
  'type' => 'module',
  'module' => 
  array (
    0 => 'admin',
    1 => 'auth',
    2 => 'adminAdd',
  ),
)
[ info ] [ HEADER ] array (
  'host' => 'localhost:4259',
  'connection' => 'keep-alive',
  'upgrade-insecure-requests' => '1',
  'user-agent' => 'Mozilla/5.0 (Windows NT 10.0; Win64; x64) AppleWebKit/537.36 (KHTML, like Gecko) Chrome/62.0.3202.94 Safari/537.36',
  'accept' => 'text/html,application/xhtml+xml,application/xml;q=0.9,image/webp,image/apng,*/*;q=0.8',
  'referer' => 'http://localhost:4259/admin/auth/adminList.html',
  'accept-encoding' => 'gzip, deflate, br',
  'accept-language' => 'zh-CN,zh;q=0.9',
  'cookie' => 'optimizelyEndUserId=oeu1511167744197r0.22256790140374139; ECS[visit_times]=2; _ym_uid=151330519863715653; _ga=GA1.1.531640230.1511167745; Hm_lvt_d7e112eaeea65921aeaadcc0af8f2853=1513327355,1515568796; pgv_pvi=7416847360; PHPSESSID=ifvqhkfbpgmkubaff3pnbra4p1',
)
[ info ] [ PARAM ] array (
)
[ info ] [ LANG ] D:\PHPStudy\WWW\XFPHP/app/admin\lang\zh-cn.php
[ info ] [ SESSION ] INIT array (
  'id' => '',
  'var_session_id' => '',
  'prefix' => 'think',
  'type' => '',
  'auto_start' => true,
)
[ info ] [ RUN ] app\admin\controller\Auth->adminAdd[ D:\PHPStudy\WWW\XFPHP\app\admin\controller\Auth.php ]
[ info ] [ LOG ] INIT File
---------------------------------------------------------------
[ 2018-02-02T10:48:13+08:00 ] 0.0.0.0 GET /admin/System/system.html
[ info ] localhost:4259/admin/System/system.html [运行时间：0.077126s][吞吐率：12.97req/s] [内存消耗：2,585.69kb] [文件加载：58]
[ info ] [ LANG ] D:\PHPStudy\WWW\XFPHP\thinkphp\lang\zh-cn.php
[ info ] [ ROUTE ] array (
  'type' => 'module',
  'module' => 
  array (
    0 => 'admin',
    1 => 'System',
    2 => 'system',
  ),
)
[ info ] [ HEADER ] array (
  'host' => 'localhost:4259',
  'connection' => 'keep-alive',
  'upgrade-insecure-requests' => '1',
  'user-agent' => 'Mozilla/5.0 (Windows NT 10.0; Win64; x64) AppleWebKit/537.36 (KHTML, like Gecko) Chrome/62.0.3202.94 Safari/537.36',
  'accept' => 'text/html,application/xhtml+xml,application/xml;q=0.9,image/webp,image/apng,*/*;q=0.8',
  'referer' => 'http://localhost:4259/admin/index/index.html',
  'accept-encoding' => 'gzip, deflate, br',
  'accept-language' => 'zh-CN,zh;q=0.9',
  'cookie' => 'optimizelyEndUserId=oeu1511167744197r0.22256790140374139; ECS[visit_times]=2; _ym_uid=151330519863715653; _ga=GA1.1.531640230.1511167745; Hm_lvt_d7e112eaeea65921aeaadcc0af8f2853=1513327355,1515568796; pgv_pvi=7416847360; PHPSESSID=ifvqhkfbpgmkubaff3pnbra4p1',
)
[ info ] [ PARAM ] array (
)
[ info ] [ LANG ] D:\PHPStudy\WWW\XFPHP/app/admin\lang\zh-cn.php
[ info ] [ SESSION ] INIT array (
  'id' => '',
  'var_session_id' => '',
  'prefix' => 'think',
  'type' => '',
  'auto_start' => true,
)
[ info ] [ RUN ] app\admin\controller\System->system[ D:\PHPStudy\WWW\XFPHP\app\admin\controller\System.php ]
[ info ] [ DB ] INIT mysql
[ info ] [ VIEW ] D:\PHPStudy\WWW\XFPHP/app/admin\view\system\system.html [ array (
  0 => 'system',
) ]
[ info ] [ LOG ] INIT File
[ sql ] [ DB ] CONNECT:[ UseTime:0.002091s ] mysql:host=127.0.0.1;dbname=xfphp_db;charset=utf8
[ sql ] [ SQL ] SHOW COLUMNS FROM `xf_system` [ RunTime:0.009858s ]
[ sql ] [ SQL ] SELECT `id`,`name`,`url`,`title`,`key`,`des`,`bah`,`copyright`,`ads`,`tel`,`email`,`logo` FROM `xf_system` WHERE  `id` = 1 LIMIT 1 [ RunTime:0.000775s ]
---------------------------------------------------------------
[ 2018-02-02T10:48:16+08:00 ] 0.0.0.0 GET /admin/System/email.html
[ info ] localhost:4259/admin/System/email.html [运行时间：0.063655s][吞吐率：15.71req/s] [内存消耗：2,580.81kb] [文件加载：58]
[ info ] [ LANG ] D:\PHPStudy\WWW\XFPHP\thinkphp\lang\zh-cn.php
[ info ] [ ROUTE ] array (
  'type' => 'module',
  'module' => 
  array (
    0 => 'admin',
    1 => 'System',
    2 => 'email',
  ),
)
[ info ] [ HEADER ] array (
  'host' => 'localhost:4259',
  'connection' => 'keep-alive',
  'upgrade-insecure-requests' => '1',
  'user-agent' => 'Mozilla/5.0 (Windows NT 10.0; Win64; x64) AppleWebKit/537.36 (KHTML, like Gecko) Chrome/62.0.3202.94 Safari/537.36',
  'accept' => 'text/html,application/xhtml+xml,application/xml;q=0.9,image/webp,image/apng,*/*;q=0.8',
  'referer' => 'http://localhost:4259/admin/index/index.html',
  'accept-encoding' => 'gzip, deflate, br',
  'accept-language' => 'zh-CN,zh;q=0.9',
  'cookie' => 'optimizelyEndUserId=oeu1511167744197r0.22256790140374139; ECS[visit_times]=2; _ym_uid=151330519863715653; _ga=GA1.1.531640230.1511167745; Hm_lvt_d7e112eaeea65921aeaadcc0af8f2853=1513327355,1515568796; pgv_pvi=7416847360; PHPSESSID=ifvqhkfbpgmkubaff3pnbra4p1',
)
[ info ] [ PARAM ] array (
)
[ info ] [ LANG ] D:\PHPStudy\WWW\XFPHP/app/admin\lang\zh-cn.php
[ info ] [ SESSION ] INIT array (
  'id' => '',
  'var_session_id' => '',
  'prefix' => 'think',
  'type' => '',
  'auto_start' => true,
)
[ info ] [ RUN ] app\admin\controller\System->email[ D:\PHPStudy\WWW\XFPHP\app\admin\controller\System.php ]
[ info ] [ DB ] INIT mysql
[ info ] [ VIEW ] D:\PHPStudy\WWW\XFPHP/app/admin\view\system\email.html [ array (
  0 => 'info',
) ]
[ info ] [ LOG ] INIT File
[ sql ] [ DB ] CONNECT:[ UseTime:0.001474s ] mysql:host=127.0.0.1;dbname=xfphp_db;charset=utf8
[ sql ] [ SQL ] SHOW COLUMNS FROM `xf_config` [ RunTime:0.008087s ]
[ sql ] [ SQL ] SELECT * FROM `xf_config` WHERE  `inc_type` = 'smtp' [ RunTime:0.000910s ]
---------------------------------------------------------------
[ 2018-02-02T10:54:11+08:00 ] 0.0.0.0 GET /admin/auth/adminAdd.html
[ info ] localhost:4259/admin/auth/adminAdd.html [运行时间：0.030306s][吞吐率：33.00req/s] [内存消耗：1,729.32kb] [文件加载：48]
[ info ] [ LANG ] D:\PHPStudy\WWW\XFPHP\thinkphp\lang\zh-cn.php
[ info ] [ ROUTE ] array (
  'type' => 'module',
  'module' => 
  array (
    0 => 'admin',
    1 => 'auth',
    2 => 'adminAdd',
  ),
)
[ info ] [ HEADER ] array (
  'host' => 'localhost:4259',
  'connection' => 'keep-alive',
  'cache-control' => 'max-age=0',
  'upgrade-insecure-requests' => '1',
  'user-agent' => 'Mozilla/5.0 (Windows NT 10.0; Win64; x64) AppleWebKit/537.36 (KHTML, like Gecko) Chrome/62.0.3202.94 Safari/537.36',
  'accept' => 'text/html,application/xhtml+xml,application/xml;q=0.9,image/webp,image/apng,*/*;q=0.8',
  'referer' => 'http://localhost:4259/admin/auth/adminList.html',
  'accept-encoding' => 'gzip, deflate, br',
  'accept-language' => 'zh-CN,zh;q=0.9',
  'cookie' => 'optimizelyEndUserId=oeu1511167744197r0.22256790140374139; ECS[visit_times]=2; _ym_uid=151330519863715653; _ga=GA1.1.531640230.1511167745; Hm_lvt_d7e112eaeea65921aeaadcc0af8f2853=1513327355,1515568796; pgv_pvi=7416847360; PHPSESSID=ifvqhkfbpgmkubaff3pnbra4p1',
)
[ info ] [ PARAM ] array (
)
[ info ] [ LANG ] D:\PHPStudy\WWW\XFPHP/app/admin\lang\zh-cn.php
[ info ] [ SESSION ] INIT array (
  'id' => '',
  'var_session_id' => '',
  'prefix' => 'think',
  'type' => '',
  'auto_start' => true,
)
[ info ] [ RUN ] app\admin\controller\Auth->adminAdd[ D:\PHPStudy\WWW\XFPHP\app\admin\controller\Auth.php ]
[ info ] [ LOG ] INIT File
---------------------------------------------------------------
[ 2018-02-02T11:01:33+08:00 ] 0.0.0.0 GET /admin/auth/adminAdd.html
[ info ] localhost:4259/admin/auth/adminAdd.html [运行时间：0.030928s][吞吐率：32.33req/s] [内存消耗：1,729.34kb] [文件加载：48]
[ info ] [ LANG ] D:\PHPStudy\WWW\XFPHP\thinkphp\lang\zh-cn.php
[ info ] [ ROUTE ] array (
  'type' => 'module',
  'module' => 
  array (
    0 => 'admin',
    1 => 'auth',
    2 => 'adminAdd',
  ),
)
[ info ] [ HEADER ] array (
  'host' => 'localhost:4259',
  'connection' => 'keep-alive',
  'cache-control' => 'max-age=0',
  'upgrade-insecure-requests' => '1',
  'user-agent' => 'Mozilla/5.0 (Windows NT 10.0; Win64; x64) AppleWebKit/537.36 (KHTML, like Gecko) Chrome/62.0.3202.94 Safari/537.36',
  'accept' => 'text/html,application/xhtml+xml,application/xml;q=0.9,image/webp,image/apng,*/*;q=0.8',
  'referer' => 'http://localhost:4259/admin/auth/adminList.html',
  'accept-encoding' => 'gzip, deflate, br',
  'accept-language' => 'zh-CN,zh;q=0.9',
  'cookie' => 'optimizelyEndUserId=oeu1511167744197r0.22256790140374139; ECS[visit_times]=2; _ym_uid=151330519863715653; _ga=GA1.1.531640230.1511167745; Hm_lvt_d7e112eaeea65921aeaadcc0af8f2853=1513327355,1515568796; pgv_pvi=7416847360; PHPSESSID=ifvqhkfbpgmkubaff3pnbra4p1',
)
[ info ] [ PARAM ] array (
)
[ info ] [ LANG ] D:\PHPStudy\WWW\XFPHP/app/admin\lang\zh-cn.php
[ info ] [ SESSION ] INIT array (
  'id' => '',
  'var_session_id' => '',
  'prefix' => 'think',
  'type' => '',
  'auto_start' => true,
)
[ info ] [ RUN ] app\admin\controller\Auth->adminAdd[ D:\PHPStudy\WWW\XFPHP\app\admin\controller\Auth.php ]
[ info ] [ LOG ] INIT File
---------------------------------------------------------------
[ 2018-02-02T11:01:36+08:00 ] 0.0.0.0 GET /admin/auth/adminAdd.html
[ info ] localhost:4259/admin/auth/adminAdd.html [运行时间：0.025531s][吞吐率：39.17req/s] [内存消耗：1,729.32kb] [文件加载：48]
[ info ] [ LANG ] D:\PHPStudy\WWW\XFPHP\thinkphp\lang\zh-cn.php
[ info ] [ ROUTE ] array (
  'type' => 'module',
  'module' => 
  array (
    0 => 'admin',
    1 => 'auth',
    2 => 'adminAdd',
  ),
)
[ info ] [ HEADER ] array (
  'host' => 'localhost:4259',
  'connection' => 'keep-alive',
  'cache-control' => 'max-age=0',
  'upgrade-insecure-requests' => '1',
  'user-agent' => 'Mozilla/5.0 (Windows NT 10.0; Win64; x64) AppleWebKit/537.36 (KHTML, like Gecko) Chrome/62.0.3202.94 Safari/537.36',
  'accept' => 'text/html,application/xhtml+xml,application/xml;q=0.9,image/webp,image/apng,*/*;q=0.8',
  'referer' => 'http://localhost:4259/admin/auth/adminList.html',
  'accept-encoding' => 'gzip, deflate, br',
  'accept-language' => 'zh-CN,zh;q=0.9',
  'cookie' => 'optimizelyEndUserId=oeu1511167744197r0.22256790140374139; ECS[visit_times]=2; _ym_uid=151330519863715653; _ga=GA1.1.531640230.1511167745; Hm_lvt_d7e112eaeea65921aeaadcc0af8f2853=1513327355,1515568796; pgv_pvi=7416847360; PHPSESSID=ifvqhkfbpgmkubaff3pnbra4p1',
)
[ info ] [ PARAM ] array (
)
[ info ] [ LANG ] D:\PHPStudy\WWW\XFPHP/app/admin\lang\zh-cn.php
[ info ] [ SESSION ] INIT array (
  'id' => '',
  'var_session_id' => '',
  'prefix' => 'think',
  'type' => '',
  'auto_start' => true,
)
[ info ] [ RUN ] app\admin\controller\Auth->adminAdd[ D:\PHPStudy\WWW\XFPHP\app\admin\controller\Auth.php ]
[ info ] [ LOG ] INIT File
---------------------------------------------------------------
[ 2018-02-02T11:01:44+08:00 ] 0.0.0.0 GET /admin/auth/adminAdd.html
[ info ] localhost:4259/admin/auth/adminAdd.html [运行时间：0.024218s][吞吐率：41.29req/s] [内存消耗：1,729.84kb] [文件加载：48]
[ info ] [ LANG ] D:\PHPStudy\WWW\XFPHP\thinkphp\lang\zh-cn.php
[ info ] [ ROUTE ] array (
  'type' => 'module',
  'module' => 
  array (
    0 => 'admin',
    1 => 'auth',
    2 => 'adminAdd',
  ),
)
[ info ] [ HEADER ] array (
  'host' => 'localhost:4259',
  'connection' => 'keep-alive',
  'cache-control' => 'max-age=0',
  'upgrade-insecure-requests' => '1',
  'user-agent' => 'Mozilla/5.0 (Windows NT 10.0; Win64; x64) AppleWebKit/537.36 (KHTML, like Gecko) Chrome/62.0.3202.94 Safari/537.36',
  'accept' => 'text/html,application/xhtml+xml,application/xml;q=0.9,image/webp,image/apng,*/*;q=0.8',
  'referer' => 'http://localhost:4259/admin/auth/adminList.html',
  'accept-encoding' => 'gzip, deflate, br',
  'accept-language' => 'zh-CN,zh;q=0.9',
  'cookie' => 'optimizelyEndUserId=oeu1511167744197r0.22256790140374139; ECS[visit_times]=2; _ym_uid=151330519863715653; _ga=GA1.1.531640230.1511167745; Hm_lvt_d7e112eaeea65921aeaadcc0af8f2853=1513327355,1515568796; pgv_pvi=7416847360; PHPSESSID=ifvqhkfbpgmkubaff3pnbra4p1',
)
[ info ] [ PARAM ] array (
)
[ info ] [ LANG ] D:\PHPStudy\WWW\XFPHP/app/admin\lang\zh-cn.php
[ info ] [ SESSION ] INIT array (
  'id' => '',
  'var_session_id' => '',
  'prefix' => 'think',
  'type' => '',
  'auto_start' => true,
)
[ info ] [ RUN ] app\admin\controller\Auth->adminAdd[ D:\PHPStudy\WWW\XFPHP\app\admin\controller\Auth.php ]
[ info ] [ LOG ] INIT File
---------------------------------------------------------------
[ 2018-02-02T11:01:46+08:00 ] 0.0.0.0 GET /admin/auth/adminAdd.html
[ info ] localhost:4259/admin/auth/adminAdd.html [运行时间：0.028888s][吞吐率：34.62req/s] [内存消耗：1,729.84kb] [文件加载：48]
[ info ] [ LANG ] D:\PHPStudy\WWW\XFPHP\thinkphp\lang\zh-cn.php
[ info ] [ ROUTE ] array (
  'type' => 'module',
  'module' => 
  array (
    0 => 'admin',
    1 => 'auth',
    2 => 'adminAdd',
  ),
)
[ info ] [ HEADER ] array (
  'host' => 'localhost:4259',
  'connection' => 'keep-alive',
  'cache-control' => 'max-age=0',
  'upgrade-insecure-requests' => '1',
  'user-agent' => 'Mozilla/5.0 (Windows NT 10.0; Win64; x64) AppleWebKit/537.36 (KHTML, like Gecko) Chrome/62.0.3202.94 Safari/537.36',
  'accept' => 'text/html,application/xhtml+xml,application/xml;q=0.9,image/webp,image/apng,*/*;q=0.8',
  'referer' => 'http://localhost:4259/admin/auth/adminList.html',
  'accept-encoding' => 'gzip, deflate, br',
  'accept-language' => 'zh-CN,zh;q=0.9',
  'cookie' => 'optimizelyEndUserId=oeu1511167744197r0.22256790140374139; ECS[visit_times]=2; _ym_uid=151330519863715653; _ga=GA1.1.531640230.1511167745; Hm_lvt_d7e112eaeea65921aeaadcc0af8f2853=1513327355,1515568796; pgv_pvi=7416847360; PHPSESSID=ifvqhkfbpgmkubaff3pnbra4p1',
)
[ info ] [ PARAM ] array (
)
[ info ] [ LANG ] D:\PHPStudy\WWW\XFPHP/app/admin\lang\zh-cn.php
[ info ] [ SESSION ] INIT array (
  'id' => '',
  'var_session_id' => '',
  'prefix' => 'think',
  'type' => '',
  'auto_start' => true,
)
[ info ] [ RUN ] app\admin\controller\Auth->adminAdd[ D:\PHPStudy\WWW\XFPHP\app\admin\controller\Auth.php ]
[ info ] [ LOG ] INIT File
---------------------------------------------------------------
[ 2018-02-02T11:01:47+08:00 ] 0.0.0.0 GET /admin/auth/adminAdd.html
[ info ] localhost:4259/admin/auth/adminAdd.html [运行时间：0.023900s][吞吐率：41.84req/s] [内存消耗：1,729.84kb] [文件加载：48]
[ info ] [ LANG ] D:\PHPStudy\WWW\XFPHP\thinkphp\lang\zh-cn.php
[ info ] [ ROUTE ] array (
  'type' => 'module',
  'module' => 
  array (
    0 => 'admin',
    1 => 'auth',
    2 => 'adminAdd',
  ),
)
[ info ] [ HEADER ] array (
  'host' => 'localhost:4259',
  'connection' => 'keep-alive',
  'cache-control' => 'max-age=0',
  'upgrade-insecure-requests' => '1',
  'user-agent' => 'Mozilla/5.0 (Windows NT 10.0; Win64; x64) AppleWebKit/537.36 (KHTML, like Gecko) Chrome/62.0.3202.94 Safari/537.36',
  'accept' => 'text/html,application/xhtml+xml,application/xml;q=0.9,image/webp,image/apng,*/*;q=0.8',
  'referer' => 'http://localhost:4259/admin/auth/adminList.html',
  'accept-encoding' => 'gzip, deflate, br',
  'accept-language' => 'zh-CN,zh;q=0.9',
  'cookie' => 'optimizelyEndUserId=oeu1511167744197r0.22256790140374139; ECS[visit_times]=2; _ym_uid=151330519863715653; _ga=GA1.1.531640230.1511167745; Hm_lvt_d7e112eaeea65921aeaadcc0af8f2853=1513327355,1515568796; pgv_pvi=7416847360; PHPSESSID=ifvqhkfbpgmkubaff3pnbra4p1',
)
[ info ] [ PARAM ] array (
)
[ info ] [ LANG ] D:\PHPStudy\WWW\XFPHP/app/admin\lang\zh-cn.php
[ info ] [ SESSION ] INIT array (
  'id' => '',
  'var_session_id' => '',
  'prefix' => 'think',
  'type' => '',
  'auto_start' => true,
)
[ info ] [ RUN ] app\admin\controller\Auth->adminAdd[ D:\PHPStudy\WWW\XFPHP\app\admin\controller\Auth.php ]
[ info ] [ LOG ] INIT File
---------------------------------------------------------------
[ 2018-02-02T11:01:49+08:00 ] 0.0.0.0 GET /admin/auth/adminAdd.html
[ info ] localhost:4259/admin/auth/adminAdd.html [运行时间：0.026647s][吞吐率：37.53req/s] [内存消耗：1,729.84kb] [文件加载：48]
[ info ] [ LANG ] D:\PHPStudy\WWW\XFPHP\thinkphp\lang\zh-cn.php
[ info ] [ ROUTE ] array (
  'type' => 'module',
  'module' => 
  array (
    0 => 'admin',
    1 => 'auth',
    2 => 'adminAdd',
  ),
)
[ info ] [ HEADER ] array (
  'host' => 'localhost:4259',
  'connection' => 'keep-alive',
  'cache-control' => 'max-age=0',
  'upgrade-insecure-requests' => '1',
  'user-agent' => 'Mozilla/5.0 (Windows NT 10.0; Win64; x64) AppleWebKit/537.36 (KHTML, like Gecko) Chrome/62.0.3202.94 Safari/537.36',
  'accept' => 'text/html,application/xhtml+xml,application/xml;q=0.9,image/webp,image/apng,*/*;q=0.8',
  'referer' => 'http://localhost:4259/admin/auth/adminList.html',
  'accept-encoding' => 'gzip, deflate, br',
  'accept-language' => 'zh-CN,zh;q=0.9',
  'cookie' => 'optimizelyEndUserId=oeu1511167744197r0.22256790140374139; ECS[visit_times]=2; _ym_uid=151330519863715653; _ga=GA1.1.531640230.1511167745; Hm_lvt_d7e112eaeea65921aeaadcc0af8f2853=1513327355,1515568796; pgv_pvi=7416847360; PHPSESSID=ifvqhkfbpgmkubaff3pnbra4p1',
)
[ info ] [ PARAM ] array (
)
[ info ] [ LANG ] D:\PHPStudy\WWW\XFPHP/app/admin\lang\zh-cn.php
[ info ] [ SESSION ] INIT array (
  'id' => '',
  'var_session_id' => '',
  'prefix' => 'think',
  'type' => '',
  'auto_start' => true,
)
[ info ] [ RUN ] app\admin\controller\Auth->adminAdd[ D:\PHPStudy\WWW\XFPHP\app\admin\controller\Auth.php ]
[ info ] [ LOG ] INIT File
---------------------------------------------------------------
[ 2018-02-02T11:01:50+08:00 ] 0.0.0.0 GET /admin/auth/adminAdd.html
[ info ] localhost:4259/admin/auth/adminAdd.html [运行时间：0.024830s][吞吐率：40.27req/s] [内存消耗：1,729.84kb] [文件加载：48]
[ info ] [ LANG ] D:\PHPStudy\WWW\XFPHP\thinkphp\lang\zh-cn.php
[ info ] [ ROUTE ] array (
  'type' => 'module',
  'module' => 
  array (
    0 => 'admin',
    1 => 'auth',
    2 => 'adminAdd',
  ),
)
[ info ] [ HEADER ] array (
  'host' => 'localhost:4259',
  'connection' => 'keep-alive',
  'cache-control' => 'max-age=0',
  'upgrade-insecure-requests' => '1',
  'user-agent' => 'Mozilla/5.0 (Windows NT 10.0; Win64; x64) AppleWebKit/537.36 (KHTML, like Gecko) Chrome/62.0.3202.94 Safari/537.36',
  'accept' => 'text/html,application/xhtml+xml,application/xml;q=0.9,image/webp,image/apng,*/*;q=0.8',
  'referer' => 'http://localhost:4259/admin/auth/adminList.html',
  'accept-encoding' => 'gzip, deflate, br',
  'accept-language' => 'zh-CN,zh;q=0.9',
  'cookie' => 'optimizelyEndUserId=oeu1511167744197r0.22256790140374139; ECS[visit_times]=2; _ym_uid=151330519863715653; _ga=GA1.1.531640230.1511167745; Hm_lvt_d7e112eaeea65921aeaadcc0af8f2853=1513327355,1515568796; pgv_pvi=7416847360; PHPSESSID=ifvqhkfbpgmkubaff3pnbra4p1',
)
[ info ] [ PARAM ] array (
)
[ info ] [ LANG ] D:\PHPStudy\WWW\XFPHP/app/admin\lang\zh-cn.php
[ info ] [ SESSION ] INIT array (
  'id' => '',
  'var_session_id' => '',
  'prefix' => 'think',
  'type' => '',
  'auto_start' => true,
)
[ info ] [ RUN ] app\admin\controller\Auth->adminAdd[ D:\PHPStudy\WWW\XFPHP\app\admin\controller\Auth.php ]
[ info ] [ LOG ] INIT File
---------------------------------------------------------------
[ 2018-02-02T11:01:51+08:00 ] 0.0.0.0 GET /admin/index/index.html
[ info ] localhost:4259/admin/index/index.html [运行时间：0.043763s][吞吐率：22.85req/s] [内存消耗：1,916.51kb] [文件加载：54]
[ info ] [ LANG ] D:\PHPStudy\WWW\XFPHP\thinkphp\lang\zh-cn.php
[ info ] [ ROUTE ] array (
  'type' => 'module',
  'module' => 
  array (
    0 => 'admin',
    1 => 'index',
    2 => 'index',
  ),
)
[ info ] [ HEADER ] array (
  'host' => 'localhost:4259',
  'connection' => 'keep-alive',
  'cache-control' => 'max-age=0',
  'user-agent' => 'Mozilla/5.0 (Windows NT 10.0; Win64; x64) AppleWebKit/537.36 (KHTML, like Gecko) Chrome/62.0.3202.94 Safari/537.36',
  'upgrade-insecure-requests' => '1',
  'accept' => 'text/html,application/xhtml+xml,application/xml;q=0.9,image/webp,image/apng,*/*;q=0.8',
  'referer' => 'http://localhost:4259/admin/login/index.html',
  'accept-encoding' => 'gzip, deflate, br',
  'accept-language' => 'zh-CN,zh;q=0.9',
  'cookie' => 'optimizelyEndUserId=oeu1511167744197r0.22256790140374139; ECS[visit_times]=2; _ym_uid=151330519863715653; _ga=GA1.1.531640230.1511167745; Hm_lvt_d7e112eaeea65921aeaadcc0af8f2853=1513327355,1515568796; pgv_pvi=7416847360; PHPSESSID=ifvqhkfbpgmkubaff3pnbra4p1',
)
[ info ] [ PARAM ] array (
)
[ info ] [ LANG ] D:\PHPStudy\WWW\XFPHP/app/admin\lang\zh-cn.php
[ info ] [ SESSION ] INIT array (
  'id' => '',
  'var_session_id' => '',
  'prefix' => 'think',
  'type' => '',
  'auto_start' => true,
)
[ info ] [ RUN ] app\admin\controller\Index->index[ D:\PHPStudy\WWW\XFPHP\app\admin\controller\Index.php ]
[ info ] [ CACHE ] INIT File
[ info ] [ VIEW ] D:\PHPStudy\WWW\XFPHP/app/admin\view\index\index.html [ array (
  0 => 'menus',
) ]
[ info ] [ LOG ] INIT File
---------------------------------------------------------------
[ 2018-02-02T11:01:51+08:00 ] 0.0.0.0 GET /admin/index/main.html
[ info ] localhost:4259/admin/index/main.html [运行时间：0.063988s][吞吐率：15.63req/s] [内存消耗：1,975.75kb] [文件加载：54]
[ info ] [ LANG ] D:\PHPStudy\WWW\XFPHP\thinkphp\lang\zh-cn.php
[ info ] [ ROUTE ] array (
  'type' => 'module',
  'module' => 
  array (
    0 => 'admin',
    1 => 'index',
    2 => 'main',
  ),
)
[ info ] [ HEADER ] array (
  'host' => 'localhost:4259',
  'connection' => 'keep-alive',
  'upgrade-insecure-requests' => '1',
  'user-agent' => 'Mozilla/5.0 (Windows NT 10.0; Win64; x64) AppleWebKit/537.36 (KHTML, like Gecko) Chrome/62.0.3202.94 Safari/537.36',
  'accept' => 'text/html,application/xhtml+xml,application/xml;q=0.9,image/webp,image/apng,*/*;q=0.8',
  'referer' => 'http://localhost:4259/admin/index/index.html',
  'accept-encoding' => 'gzip, deflate, br',
  'accept-language' => 'zh-CN,zh;q=0.9',
  'cookie' => 'optimizelyEndUserId=oeu1511167744197r0.22256790140374139; ECS[visit_times]=2; _ym_uid=151330519863715653; _ga=GA1.1.531640230.1511167745; Hm_lvt_d7e112eaeea65921aeaadcc0af8f2853=1513327355,1515568796; pgv_pvi=7416847360; PHPSESSID=ifvqhkfbpgmkubaff3pnbra4p1',
)
[ info ] [ PARAM ] array (
)
[ info ] [ LANG ] D:\PHPStudy\WWW\XFPHP/app/admin\lang\zh-cn.php
[ info ] [ SESSION ] INIT array (
  'id' => '',
  'var_session_id' => '',
  'prefix' => 'think',
  'type' => '',
  'auto_start' => true,
)
[ info ] [ RUN ] app\admin\controller\Index->main[ D:\PHPStudy\WWW\XFPHP\app\admin\controller\Index.php ]
[ info ] [ DB ] INIT mysql
[ info ] [ VIEW ] D:\PHPStudy\WWW\XFPHP/app/admin\view\index\main.html [ array (
  0 => 'config',
) ]
[ info ] [ LOG ] INIT File
[ sql ] [ DB ] CONNECT:[ UseTime:0.005138s ] mysql:host=127.0.0.1;dbname=xfphp_db;charset=utf8
[ sql ] [ SQL ] SELECT VERSION() AS ver [ RunTime:0.000604s ]
---------------------------------------------------------------
[ 2018-02-02T11:01:53+08:00 ] 0.0.0.0 GET /admin/Auth/adminList.html
[ info ] localhost:4259/admin/Auth/adminList.html [运行时间：0.052935s][吞吐率：18.89req/s] [内存消耗：1,836.06kb] [文件加载：52]
[ info ] [ LANG ] D:\PHPStudy\WWW\XFPHP\thinkphp\lang\zh-cn.php
[ info ] [ ROUTE ] array (
  'type' => 'module',
  'module' => 
  array (
    0 => 'admin',
    1 => 'Auth',
    2 => 'adminList',
  ),
)
[ info ] [ HEADER ] array (
  'host' => 'localhost:4259',
  'connection' => 'keep-alive',
  'upgrade-insecure-requests' => '1',
  'user-agent' => 'Mozilla/5.0 (Windows NT 10.0; Win64; x64) AppleWebKit/537.36 (KHTML, like Gecko) Chrome/62.0.3202.94 Safari/537.36',
  'accept' => 'text/html,application/xhtml+xml,application/xml;q=0.9,image/webp,image/apng,*/*;q=0.8',
  'referer' => 'http://localhost:4259/admin/index/index.html',
  'accept-encoding' => 'gzip, deflate, br',
  'accept-language' => 'zh-CN,zh;q=0.9',
  'cookie' => 'optimizelyEndUserId=oeu1511167744197r0.22256790140374139; ECS[visit_times]=2; _ym_uid=151330519863715653; _ga=GA1.1.531640230.1511167745; Hm_lvt_d7e112eaeea65921aeaadcc0af8f2853=1513327355,1515568796; pgv_pvi=7416847360; PHPSESSID=ifvqhkfbpgmkubaff3pnbra4p1',
)
[ info ] [ PARAM ] array (
)
[ info ] [ LANG ] D:\PHPStudy\WWW\XFPHP/app/admin\lang\zh-cn.php
[ info ] [ SESSION ] INIT array (
  'id' => '',
  'var_session_id' => '',
  'prefix' => 'think',
  'type' => '',
  'auto_start' => true,
)
[ info ] [ RUN ] app\admin\controller\Auth->adminList[ D:\PHPStudy\WWW\XFPHP\app\admin\controller\Auth.php ]
[ info ] [ VIEW ] D:\PHPStudy\WWW\XFPHP/app/admin\view\auth\adminList.html [ array (
) ]
[ info ] [ LOG ] INIT File
---------------------------------------------------------------
[ 2018-02-02T11:01:53+08:00 ] 0.0.0.0 POST /admin/auth/adminList.html
[ info ] localhost:4259/admin/auth/adminList.html [运行时间：0.084629s][吞吐率：11.82req/s] [内存消耗：2,647.86kb] [文件加载：60]
[ info ] [ LANG ] D:\PHPStudy\WWW\XFPHP\thinkphp\lang\zh-cn.php
[ info ] [ ROUTE ] array (
  'type' => 'module',
  'module' => 
  array (
    0 => 'admin',
    1 => 'auth',
    2 => 'adminList',
  ),
)
[ info ] [ HEADER ] array (
  'host' => 'localhost:4259',
  'connection' => 'keep-alive',
  'content-length' => '23',
  'accept' => 'application/json, text/javascript, */*; q=0.01',
  'origin' => 'http://localhost:4259',
  'x-requested-with' => 'XMLHttpRequest',
  'user-agent' => 'Mozilla/5.0 (Windows NT 10.0; Win64; x64) AppleWebKit/537.36 (KHTML, like Gecko) Chrome/62.0.3202.94 Safari/537.36',
  'content-type' => 'application/x-www-form-urlencoded; charset=UTF-8',
  'referer' => 'http://localhost:4259/admin/Auth/adminList.html',
  'accept-encoding' => 'gzip, deflate, br',
  'accept-language' => 'zh-CN,zh;q=0.9',
  'cookie' => 'optimizelyEndUserId=oeu1511167744197r0.22256790140374139; ECS[visit_times]=2; _ym_uid=151330519863715653; _ga=GA1.1.531640230.1511167745; Hm_lvt_d7e112eaeea65921aeaadcc0af8f2853=1513327355,1515568796; pgv_pvi=7416847360; PHPSESSID=ifvqhkfbpgmkubaff3pnbra4p1',
)
[ info ] [ PARAM ] array (
  'pageIndex' => '1',
  'pageSize' => '15',
)
[ info ] [ LANG ] D:\PHPStudy\WWW\XFPHP/app/admin\lang\zh-cn.php
[ info ] [ SESSION ] INIT array (
  'id' => '',
  'var_session_id' => '',
  'prefix' => 'think',
  'type' => '',
  'auto_start' => true,
)
[ info ] [ RUN ] app\admin\controller\Auth->adminList[ D:\PHPStudy\WWW\XFPHP\app\admin\controller\Auth.php ]
[ info ] [ DB ] INIT mysql
[ info ] [ LOG ] INIT File
[ sql ] [ DB ] CONNECT:[ UseTime:0.001075s ] mysql:host=127.0.0.1;dbname=xfphp_db;charset=utf8
[ sql ] [ SQL ] SHOW COLUMNS FROM `xf_admin` [ RunTime:0.013432s ]
[ sql ] [ SQL ] SELECT COUNT(*) AS tp_count FROM `xf_admin` `a` LEFT JOIN `xf_auth_group` `ag` ON `a`.`group_id`=`ag`.`group_id` LIMIT 1 [ RunTime:0.001990s ]
[ sql ] [ SQL ] SELECT `a`.*,`ag`.`title` FROM `xf_admin` `a` LEFT JOIN `xf_auth_group` `ag` ON `a`.`group_id`=`ag`.`group_id` LIMIT 0,15 [ RunTime:0.000500s ]
---------------------------------------------------------------
[ 2018-02-02T11:01:54+08:00 ] 0.0.0.0 GET /admin/auth/adminAdd.html
[ info ] localhost:4259/admin/auth/adminAdd.html [运行时间：0.030793s][吞吐率：32.47req/s] [内存消耗：1,729.56kb] [文件加载：48]
[ info ] [ LANG ] D:\PHPStudy\WWW\XFPHP\thinkphp\lang\zh-cn.php
[ info ] [ ROUTE ] array (
  'type' => 'module',
  'module' => 
  array (
    0 => 'admin',
    1 => 'auth',
    2 => 'adminAdd',
  ),
)
[ info ] [ HEADER ] array (
  'host' => 'localhost:4259',
  'connection' => 'keep-alive',
  'upgrade-insecure-requests' => '1',
  'user-agent' => 'Mozilla/5.0 (Windows NT 10.0; Win64; x64) AppleWebKit/537.36 (KHTML, like Gecko) Chrome/62.0.3202.94 Safari/537.36',
  'accept' => 'text/html,application/xhtml+xml,application/xml;q=0.9,image/webp,image/apng,*/*;q=0.8',
  'referer' => 'http://localhost:4259/admin/Auth/adminList.html',
  'accept-encoding' => 'gzip, deflate, br',
  'accept-language' => 'zh-CN,zh;q=0.9',
  'cookie' => 'optimizelyEndUserId=oeu1511167744197r0.22256790140374139; ECS[visit_times]=2; _ym_uid=151330519863715653; _ga=GA1.1.531640230.1511167745; Hm_lvt_d7e112eaeea65921aeaadcc0af8f2853=1513327355,1515568796; pgv_pvi=7416847360; PHPSESSID=ifvqhkfbpgmkubaff3pnbra4p1',
)
[ info ] [ PARAM ] array (
)
[ info ] [ LANG ] D:\PHPStudy\WWW\XFPHP/app/admin\lang\zh-cn.php
[ info ] [ SESSION ] INIT array (
  'id' => '',
  'var_session_id' => '',
  'prefix' => 'think',
  'type' => '',
  'auto_start' => true,
)
[ info ] [ RUN ] app\admin\controller\Auth->adminAdd[ D:\PHPStudy\WWW\XFPHP\app\admin\controller\Auth.php ]
[ info ] [ LOG ] INIT File
